2022-05-31 22:55:06,735 INFO (Version.java:21)- HV000001: Hibernate Validator 6.2.0.Final
2022-05-31 22:55:06,774 INFO (StartupInfoLogger.java:55)- Starting DemoApplicationTests using Java 1.8.0_311 on BadMac.local with PID 43149 (started by weiyi in /Users/weiyi/ProjectsDocument/IdeaProjects/hjgz/app)
2022-05-31 22:55:06,775 INFO (SpringApplication.java:664)- The following profiles are active: pro
2022-05-31 22:55:08,542 INFO (RepositoryConfigurationDelegate.java:250)- Multiple Spring Data modules found, entering strict repository configuration mode!
2022-05-31 22:55:08,546 INFO (RepositoryConfigurationDelegate.java:128)- Bootstrapping Spring Data Elasticsearch repositories in DEFAULT mode.
2022-05-31 22:55:08,598 INFO (RepositoryConfigurationDelegate.java:188)- Finished Spring Data repository scanning in 45 ms. Found 0 Elasticsearch repository interfaces.
2022-05-31 22:55:08,615 INFO (RepositoryConfigurationDelegate.java:250)- Multiple Spring Data modules found, entering strict repository configuration mode!
2022-05-31 22:55:08,616 INFO (RepositoryConfigurationDelegate.java:128)- Bootstrapping Spring Data Reactive Elasticsearch repositories in DEFAULT mode.
2022-05-31 22:55:08,619 INFO (RepositoryConfigurationDelegate.java:188)- Finished Spring Data repository scanning in 2 ms. Found 0 Reactive Elasticsearch repository interfaces.
2022-05-31 22:55:08,637 INFO (RepositoryConfigurationDelegate.java:250)- Multiple Spring Data modules found, entering strict repository configuration mode!
2022-05-31 22:55:08,638 INFO (RepositoryConfigurationDelegate.java:128)- Bootstrapping Spring Data Redis repositories in DEFAULT mode.
2022-05-31 22:55:08,653 INFO (RepositoryConfigurationDelegate.java:188)- Finished Spring Data repository scanning in 6 ms. Found 0 Redis repository interfaces.
2022-05-31 22:55:09,643 WARN (SensitiveUtils.java:53)- 加载敏感词文件失败: null
2022-05-31 22:55:09,760 WARN (OpenApiExtensionResolver.java:144)- (Ignores) Failed to read Markdown files,Error Message:class path resource [markdowns/] cannot be resolved to URL because it does not exist 
2022-05-31 22:55:12,564 INFO (WebMvcPropertySourcedRequestMappingHandlerMapping.java:69)- Mapped URL path [/v2/api-docs] onto method [springfox.documentation.swagger2.web.Swagger2ControllerWebMvc#getDocumentation(String, HttpServletRequest)]
2022-05-31 22:55:13,136 INFO (ExecutorConfigurationSupport.java:181)- Initializing ExecutorService 'applicationTaskExecutor'
2022-05-31 22:55:15,226 WARN (CustomConversions.java:270)- Registering converter from class org.springframework.data.geo.Point to interface java.util.Map as writing converter although it doesn't convert to a store-supported type! You might want to check your annotation setup at the converter implementation.
2022-05-31 22:55:15,231 WARN (CustomConversions.java:260)- Registering converter from interface java.util.Map to class org.springframework.data.geo.Point as reading converter although it doesn't convert from a store-supported type! You might want to check your annotation setup at the converter implementation.
2022-05-31 22:55:15,232 WARN (CustomConversions.java:270)- Registering converter from class org.springframework.data.elasticsearch.core.geo.GeoPoint to interface java.util.Map as writing converter although it doesn't convert to a store-supported type! You might want to check your annotation setup at the converter implementation.
2022-05-31 22:55:15,233 WARN (CustomConversions.java:260)- Registering converter from interface java.util.Map to class org.springframework.data.elasticsearch.core.geo.GeoPoint as reading converter although it doesn't convert from a store-supported type! You might want to check your annotation setup at the converter implementation.
2022-05-31 22:55:15,233 WARN (CustomConversions.java:270)- Registering converter from interface org.springframework.data.elasticsearch.core.geo.GeoJson to interface java.util.Map as writing converter although it doesn't convert to a store-supported type! You might want to check your annotation setup at the converter implementation.
2022-05-31 22:55:15,233 WARN (CustomConversions.java:260)- Registering converter from interface java.util.Map to interface org.springframework.data.elasticsearch.core.geo.GeoJson as reading converter although it doesn't convert from a store-supported type! You might want to check your annotation setup at the converter implementation.
2022-05-31 22:55:15,234 WARN (CustomConversions.java:270)- Registering converter from class org.springframework.data.elasticsearch.core.geo.GeoJsonPoint to interface java.util.Map as writing converter although it doesn't convert to a store-supported type! You might want to check your annotation setup at the converter implementation.
2022-05-31 22:55:15,234 WARN (CustomConversions.java:260)- Registering converter from interface java.util.Map to class org.springframework.data.elasticsearch.core.geo.GeoJsonPoint as reading converter although it doesn't convert from a store-supported type! You might want to check your annotation setup at the converter implementation.
2022-05-31 22:55:15,234 WARN (CustomConversions.java:270)- Registering converter from class org.springframework.data.elasticsearch.core.geo.GeoJsonMultiPoint to interface java.util.Map as writing converter although it doesn't convert to a store-supported type! You might want to check your annotation setup at the converter implementation.
2022-05-31 22:55:15,235 WARN (CustomConversions.java:260)- Registering converter from interface java.util.Map to class org.springframework.data.elasticsearch.core.geo.GeoJsonMultiPoint as reading converter although it doesn't convert from a store-supported type! You might want to check your annotation setup at the converter implementation.
2022-05-31 22:55:15,235 WARN (CustomConversions.java:270)- Registering converter from class org.springframework.data.elasticsearch.core.geo.GeoJsonLineString to interface java.util.Map as writing converter although it doesn't convert to a store-supported type! You might want to check your annotation setup at the converter implementation.
2022-05-31 22:55:15,236 WARN (CustomConversions.java:260)- Registering converter from interface java.util.Map to class org.springframework.data.elasticsearch.core.geo.GeoJsonLineString as reading converter although it doesn't convert from a store-supported type! You might want to check your annotation setup at the converter implementation.
2022-05-31 22:55:15,236 WARN (CustomConversions.java:270)- Registering converter from class org.springframework.data.elasticsearch.core.geo.GeoJsonMultiLineString to interface java.util.Map as writing converter although it doesn't convert to a store-supported type! You might want to check your annotation setup at the converter implementation.
2022-05-31 22:55:15,236 WARN (CustomConversions.java:260)- Registering converter from interface java.util.Map to class org.springframework.data.elasticsearch.core.geo.GeoJsonMultiLineString as reading converter although it doesn't convert from a store-supported type! You might want to check your annotation setup at the converter implementation.
2022-05-31 22:55:15,236 WARN (CustomConversions.java:270)- Registering converter from class org.springframework.data.elasticsearch.core.geo.GeoJsonPolygon to interface java.util.Map as writing converter although it doesn't convert to a store-supported type! You might want to check your annotation setup at the converter implementation.
2022-05-31 22:55:15,236 WARN (CustomConversions.java:260)- Registering converter from interface java.util.Map to class org.springframework.data.elasticsearch.core.geo.GeoJsonPolygon as reading converter although it doesn't convert from a store-supported type! You might want to check your annotation setup at the converter implementation.
2022-05-31 22:55:15,236 WARN (CustomConversions.java:270)- Registering converter from class org.springframework.data.elasticsearch.core.geo.GeoJsonMultiPolygon to interface java.util.Map as writing converter although it doesn't convert to a store-supported type! You might want to check your annotation setup at the converter implementation.
2022-05-31 22:55:15,237 WARN (CustomConversions.java:260)- Registering converter from interface java.util.Map to class org.springframework.data.elasticsearch.core.geo.GeoJsonMultiPolygon as reading converter although it doesn't convert from a store-supported type! You might want to check your annotation setup at the converter implementation.
2022-05-31 22:55:15,237 WARN (CustomConversions.java:270)- Registering converter from class org.springframework.data.elasticsearch.core.geo.GeoJsonGeometryCollection to interface java.util.Map as writing converter although it doesn't convert to a store-supported type! You might want to check your annotation setup at the converter implementation.
2022-05-31 22:55:15,237 WARN (CustomConversions.java:260)- Registering converter from interface java.util.Map to class org.springframework.data.elasticsearch.core.geo.GeoJsonGeometryCollection as reading converter although it doesn't convert from a store-supported type! You might want to check your annotation setup at the converter implementation.
2022-05-31 22:55:15,344 INFO (VersionInfo.java:62)- Version Spring Data Elasticsearch: 4.1.2
2022-05-31 22:55:15,345 INFO (VersionInfo.java:63)- Version Elasticsearch Client in build: 7.9.3
2022-05-31 22:55:15,345 INFO (VersionInfo.java:64)- Version Elasticsearch Client used: 7.9.3
2022-05-31 22:55:15,682 INFO (ExecutorConfigurationSupport.java:181)- Initializing ExecutorService 'taskScheduler'
2022-05-31 22:55:15,756 INFO (DocumentationPluginsBootstrapper.java:93)- Documentation plugins bootstrapped
2022-05-31 22:55:15,760 INFO (AbstractDocumentationPluginsBootstrapper.java:79)- Found 1 custom documentation plugin(s)
2022-05-31 22:55:15,807 INFO (ApiListingReferenceScanner.java:44)- Scanning for api listing references
2022-05-31 22:55:16,063 INFO (StartupInfoLogger.java:61)- Started DemoApplicationTests in 10.022 seconds (JVM running for 11.484)
2022-05-31 22:55:16,386 INFO (ExecutorConfigurationSupport.java:218)- Shutting down ExecutorService 'taskScheduler'
2022-05-31 22:55:16,395 INFO (ExecutorConfigurationSupport.java:218)- Shutting down ExecutorService 'applicationTaskExecutor'
2022-05-31 22:56:18,311 INFO (Version.java:21)- HV000001: Hibernate Validator 6.2.0.Final
2022-05-31 22:56:18,350 INFO (StartupInfoLogger.java:55)- Starting DemoApplicationTests using Java 1.8.0_311 on BadMac.local with PID 45365 (started by weiyi in /Users/weiyi/ProjectsDocument/IdeaProjects/hjgz/app)
2022-05-31 22:56:18,351 INFO (SpringApplication.java:664)- The following profiles are active: pro
2022-05-31 22:56:20,025 INFO (RepositoryConfigurationDelegate.java:250)- Multiple Spring Data modules found, entering strict repository configuration mode!
2022-05-31 22:56:20,029 INFO (RepositoryConfigurationDelegate.java:128)- Bootstrapping Spring Data Elasticsearch repositories in DEFAULT mode.
2022-05-31 22:56:20,069 INFO (RepositoryConfigurationDelegate.java:188)- Finished Spring Data repository scanning in 34 ms. Found 0 Elasticsearch repository interfaces.
2022-05-31 22:56:20,088 INFO (RepositoryConfigurationDelegate.java:250)- Multiple Spring Data modules found, entering strict repository configuration mode!
2022-05-31 22:56:20,089 INFO (RepositoryConfigurationDelegate.java:128)- Bootstrapping Spring Data Reactive Elasticsearch repositories in DEFAULT mode.
2022-05-31 22:56:20,099 INFO (RepositoryConfigurationDelegate.java:188)- Finished Spring Data repository scanning in 9 ms. Found 0 Reactive Elasticsearch repository interfaces.
2022-05-31 22:56:20,118 INFO (RepositoryConfigurationDelegate.java:250)- Multiple Spring Data modules found, entering strict repository configuration mode!
2022-05-31 22:56:20,120 INFO (RepositoryConfigurationDelegate.java:128)- Bootstrapping Spring Data Redis repositories in DEFAULT mode.
2022-05-31 22:56:20,138 INFO (RepositoryConfigurationDelegate.java:188)- Finished Spring Data repository scanning in 9 ms. Found 0 Redis repository interfaces.
2022-05-31 22:56:21,126 WARN (SensitiveUtils.java:53)- 加载敏感词文件失败: null
2022-05-31 22:56:21,240 WARN (OpenApiExtensionResolver.java:144)- (Ignores) Failed to read Markdown files,Error Message:class path resource [markdowns/] cannot be resolved to URL because it does not exist 
2022-05-31 22:56:23,951 INFO (WebMvcPropertySourcedRequestMappingHandlerMapping.java:69)- Mapped URL path [/v2/api-docs] onto method [springfox.documentation.swagger2.web.Swagger2ControllerWebMvc#getDocumentation(String, HttpServletRequest)]
2022-05-31 22:56:24,637 INFO (ExecutorConfigurationSupport.java:181)- Initializing ExecutorService 'applicationTaskExecutor'
2022-05-31 22:56:26,531 WARN (CustomConversions.java:270)- Registering converter from class org.springframework.data.geo.Point to interface java.util.Map as writing converter although it doesn't convert to a store-supported type! You might want to check your annotation setup at the converter implementation.
2022-05-31 22:56:26,535 WARN (CustomConversions.java:260)- Registering converter from interface java.util.Map to class org.springframework.data.geo.Point as reading converter although it doesn't convert from a store-supported type! You might want to check your annotation setup at the converter implementation.
2022-05-31 22:56:26,536 WARN (CustomConversions.java:270)- Registering converter from class org.springframework.data.elasticsearch.core.geo.GeoPoint to interface java.util.Map as writing converter although it doesn't convert to a store-supported type! You might want to check your annotation setup at the converter implementation.
2022-05-31 22:56:26,537 WARN (CustomConversions.java:260)- Registering converter from interface java.util.Map to class org.springframework.data.elasticsearch.core.geo.GeoPoint as reading converter although it doesn't convert from a store-supported type! You might want to check your annotation setup at the converter implementation.
2022-05-31 22:56:26,537 WARN (CustomConversions.java:270)- Registering converter from interface org.springframework.data.elasticsearch.core.geo.GeoJson to interface java.util.Map as writing converter although it doesn't convert to a store-supported type! You might want to check your annotation setup at the converter implementation.
2022-05-31 22:56:26,537 WARN (CustomConversions.java:260)- Registering converter from interface java.util.Map to interface org.springframework.data.elasticsearch.core.geo.GeoJson as reading converter although it doesn't convert from a store-supported type! You might want to check your annotation setup at the converter implementation.
2022-05-31 22:56:26,538 WARN (CustomConversions.java:270)- Registering converter from class org.springframework.data.elasticsearch.core.geo.GeoJsonPoint to interface java.util.Map as writing converter although it doesn't convert to a store-supported type! You might want to check your annotation setup at the converter implementation.
2022-05-31 22:56:26,539 WARN (CustomConversions.java:260)- Registering converter from interface java.util.Map to class org.springframework.data.elasticsearch.core.geo.GeoJsonPoint as reading converter although it doesn't convert from a store-supported type! You might want to check your annotation setup at the converter implementation.
2022-05-31 22:56:26,539 WARN (CustomConversions.java:270)- Registering converter from class org.springframework.data.elasticsearch.core.geo.GeoJsonMultiPoint to interface java.util.Map as writing converter although it doesn't convert to a store-supported type! You might want to check your annotation setup at the converter implementation.
2022-05-31 22:56:26,539 WARN (CustomConversions.java:260)- Registering converter from interface java.util.Map to class org.springframework.data.elasticsearch.core.geo.GeoJsonMultiPoint as reading converter although it doesn't convert from a store-supported type! You might want to check your annotation setup at the converter implementation.
2022-05-31 22:56:26,540 WARN (CustomConversions.java:270)- Registering converter from class org.springframework.data.elasticsearch.core.geo.GeoJsonLineString to interface java.util.Map as writing converter although it doesn't convert to a store-supported type! You might want to check your annotation setup at the converter implementation.
2022-05-31 22:56:26,540 WARN (CustomConversions.java:260)- Registering converter from interface java.util.Map to class org.springframework.data.elasticsearch.core.geo.GeoJsonLineString as reading converter although it doesn't convert from a store-supported type! You might want to check your annotation setup at the converter implementation.
2022-05-31 22:56:26,541 WARN (CustomConversions.java:270)- Registering converter from class org.springframework.data.elasticsearch.core.geo.GeoJsonMultiLineString to interface java.util.Map as writing converter although it doesn't convert to a store-supported type! You might want to check your annotation setup at the converter implementation.
2022-05-31 22:56:26,541 WARN (CustomConversions.java:260)- Registering converter from interface java.util.Map to class org.springframework.data.elasticsearch.core.geo.GeoJsonMultiLineString as reading converter although it doesn't convert from a store-supported type! You might want to check your annotation setup at the converter implementation.
2022-05-31 22:56:26,541 WARN (CustomConversions.java:270)- Registering converter from class org.springframework.data.elasticsearch.core.geo.GeoJsonPolygon to interface java.util.Map as writing converter although it doesn't convert to a store-supported type! You might want to check your annotation setup at the converter implementation.
2022-05-31 22:56:26,541 WARN (CustomConversions.java:260)- Registering converter from interface java.util.Map to class org.springframework.data.elasticsearch.core.geo.GeoJsonPolygon as reading converter although it doesn't convert from a store-supported type! You might want to check your annotation setup at the converter implementation.
2022-05-31 22:56:26,541 WARN (CustomConversions.java:270)- Registering converter from class org.springframework.data.elasticsearch.core.geo.GeoJsonMultiPolygon to interface java.util.Map as writing converter although it doesn't convert to a store-supported type! You might want to check your annotation setup at the converter implementation.
2022-05-31 22:56:26,542 WARN (CustomConversions.java:260)- Registering converter from interface java.util.Map to class org.springframework.data.elasticsearch.core.geo.GeoJsonMultiPolygon as reading converter although it doesn't convert from a store-supported type! You might want to check your annotation setup at the converter implementation.
2022-05-31 22:56:26,542 WARN (CustomConversions.java:270)- Registering converter from class org.springframework.data.elasticsearch.core.geo.GeoJsonGeometryCollection to interface java.util.Map as writing converter although it doesn't convert to a store-supported type! You might want to check your annotation setup at the converter implementation.
2022-05-31 22:56:26,542 WARN (CustomConversions.java:260)- Registering converter from interface java.util.Map to class org.springframework.data.elasticsearch.core.geo.GeoJsonGeometryCollection as reading converter although it doesn't convert from a store-supported type! You might want to check your annotation setup at the converter implementation.
2022-05-31 22:56:26,635 INFO (VersionInfo.java:62)- Version Spring Data Elasticsearch: 4.1.2
2022-05-31 22:56:26,636 INFO (VersionInfo.java:63)- Version Elasticsearch Client in build: 7.9.3
2022-05-31 22:56:26,636 INFO (VersionInfo.java:64)- Version Elasticsearch Client used: 7.9.3
2022-05-31 22:56:27,014 INFO (ExecutorConfigurationSupport.java:181)- Initializing ExecutorService 'taskScheduler'
2022-05-31 22:56:27,088 INFO (DocumentationPluginsBootstrapper.java:93)- Documentation plugins bootstrapped
2022-05-31 22:56:27,091 INFO (AbstractDocumentationPluginsBootstrapper.java:79)- Found 1 custom documentation plugin(s)
2022-05-31 22:56:27,141 INFO (ApiListingReferenceScanner.java:44)- Scanning for api listing references
2022-05-31 22:56:27,385 INFO (StartupInfoLogger.java:61)- Started DemoApplicationTests in 9.716 seconds (JVM running for 11.1)
2022-05-31 22:56:27,671 INFO (ExecutorConfigurationSupport.java:218)- Shutting down ExecutorService 'taskScheduler'
2022-05-31 22:56:27,688 INFO (ExecutorConfigurationSupport.java:218)- Shutting down ExecutorService 'applicationTaskExecutor'
2022-05-31 22:57:34,555 INFO (Version.java:21)- HV000001: Hibernate Validator 6.2.0.Final
2022-05-31 22:57:34,595 INFO (StartupInfoLogger.java:55)- Starting DemoApplicationTests using Java 1.8.0_311 on BadMac.local with PID 47700 (started by weiyi in /Users/weiyi/ProjectsDocument/IdeaProjects/hjgz/app)
2022-05-31 22:57:34,597 INFO (SpringApplication.java:664)- The following profiles are active: pro
2022-05-31 22:57:36,272 INFO (RepositoryConfigurationDelegate.java:250)- Multiple Spring Data modules found, entering strict repository configuration mode!
2022-05-31 22:57:36,278 INFO (RepositoryConfigurationDelegate.java:128)- Bootstrapping Spring Data Elasticsearch repositories in DEFAULT mode.
2022-05-31 22:57:36,324 INFO (RepositoryConfigurationDelegate.java:188)- Finished Spring Data repository scanning in 42 ms. Found 0 Elasticsearch repository interfaces.
2022-05-31 22:57:36,336 INFO (RepositoryConfigurationDelegate.java:250)- Multiple Spring Data modules found, entering strict repository configuration mode!
2022-05-31 22:57:36,337 INFO (RepositoryConfigurationDelegate.java:128)- Bootstrapping Spring Data Reactive Elasticsearch repositories in DEFAULT mode.
2022-05-31 22:57:36,340 INFO (RepositoryConfigurationDelegate.java:188)- Finished Spring Data repository scanning in 2 ms. Found 0 Reactive Elasticsearch repository interfaces.
2022-05-31 22:57:36,356 INFO (RepositoryConfigurationDelegate.java:250)- Multiple Spring Data modules found, entering strict repository configuration mode!
2022-05-31 22:57:36,357 INFO (RepositoryConfigurationDelegate.java:128)- Bootstrapping Spring Data Redis repositories in DEFAULT mode.
2022-05-31 22:57:36,371 INFO (RepositoryConfigurationDelegate.java:188)- Finished Spring Data repository scanning in 7 ms. Found 0 Redis repository interfaces.
2022-05-31 22:57:37,294 WARN (SensitiveUtils.java:53)- 加载敏感词文件失败: null
2022-05-31 22:57:37,405 WARN (OpenApiExtensionResolver.java:144)- (Ignores) Failed to read Markdown files,Error Message:class path resource [markdowns/] cannot be resolved to URL because it does not exist 
2022-05-31 22:57:39,872 INFO (WebMvcPropertySourcedRequestMappingHandlerMapping.java:69)- Mapped URL path [/v2/api-docs] onto method [springfox.documentation.swagger2.web.Swagger2ControllerWebMvc#getDocumentation(String, HttpServletRequest)]
2022-05-31 22:57:40,569 INFO (ExecutorConfigurationSupport.java:181)- Initializing ExecutorService 'applicationTaskExecutor'
2022-05-31 22:57:42,499 WARN (CustomConversions.java:270)- Registering converter from class org.springframework.data.geo.Point to interface java.util.Map as writing converter although it doesn't convert to a store-supported type! You might want to check your annotation setup at the converter implementation.
2022-05-31 22:57:42,503 WARN (CustomConversions.java:260)- Registering converter from interface java.util.Map to class org.springframework.data.geo.Point as reading converter although it doesn't convert from a store-supported type! You might want to check your annotation setup at the converter implementation.
2022-05-31 22:57:42,504 WARN (CustomConversions.java:270)- Registering converter from class org.springframework.data.elasticsearch.core.geo.GeoPoint to interface java.util.Map as writing converter although it doesn't convert to a store-supported type! You might want to check your annotation setup at the converter implementation.
2022-05-31 22:57:42,505 WARN (CustomConversions.java:260)- Registering converter from interface java.util.Map to class org.springframework.data.elasticsearch.core.geo.GeoPoint as reading converter although it doesn't convert from a store-supported type! You might want to check your annotation setup at the converter implementation.
2022-05-31 22:57:42,505 WARN (CustomConversions.java:270)- Registering converter from interface org.springframework.data.elasticsearch.core.geo.GeoJson to interface java.util.Map as writing converter although it doesn't convert to a store-supported type! You might want to check your annotation setup at the converter implementation.
2022-05-31 22:57:42,505 WARN (CustomConversions.java:260)- Registering converter from interface java.util.Map to interface org.springframework.data.elasticsearch.core.geo.GeoJson as reading converter although it doesn't convert from a store-supported type! You might want to check your annotation setup at the converter implementation.
2022-05-31 22:57:42,506 WARN (CustomConversions.java:270)- Registering converter from class org.springframework.data.elasticsearch.core.geo.GeoJsonPoint to interface java.util.Map as writing converter although it doesn't convert to a store-supported type! You might want to check your annotation setup at the converter implementation.
2022-05-31 22:57:42,506 WARN (CustomConversions.java:260)- Registering converter from interface java.util.Map to class org.springframework.data.elasticsearch.core.geo.GeoJsonPoint as reading converter although it doesn't convert from a store-supported type! You might want to check your annotation setup at the converter implementation.
2022-05-31 22:57:42,507 WARN (CustomConversions.java:270)- Registering converter from class org.springframework.data.elasticsearch.core.geo.GeoJsonMultiPoint to interface java.util.Map as writing converter although it doesn't convert to a store-supported type! You might want to check your annotation setup at the converter implementation.
2022-05-31 22:57:42,507 WARN (CustomConversions.java:260)- Registering converter from interface java.util.Map to class org.springframework.data.elasticsearch.core.geo.GeoJsonMultiPoint as reading converter although it doesn't convert from a store-supported type! You might want to check your annotation setup at the converter implementation.
2022-05-31 22:57:42,507 WARN (CustomConversions.java:270)- Registering converter from class org.springframework.data.elasticsearch.core.geo.GeoJsonLineString to interface java.util.Map as writing converter although it doesn't convert to a store-supported type! You might want to check your annotation setup at the converter implementation.
2022-05-31 22:57:42,507 WARN (CustomConversions.java:260)- Registering converter from interface java.util.Map to class org.springframework.data.elasticsearch.core.geo.GeoJsonLineString as reading converter although it doesn't convert from a store-supported type! You might want to check your annotation setup at the converter implementation.
2022-05-31 22:57:42,508 WARN (CustomConversions.java:270)- Registering converter from class org.springframework.data.elasticsearch.core.geo.GeoJsonMultiLineString to interface java.util.Map as writing converter although it doesn't convert to a store-supported type! You might want to check your annotation setup at the converter implementation.
2022-05-31 22:57:42,508 WARN (CustomConversions.java:260)- Registering converter from interface java.util.Map to class org.springframework.data.elasticsearch.core.geo.GeoJsonMultiLineString as reading converter although it doesn't convert from a store-supported type! You might want to check your annotation setup at the converter implementation.
2022-05-31 22:57:42,508 WARN (CustomConversions.java:270)- Registering converter from class org.springframework.data.elasticsearch.core.geo.GeoJsonPolygon to interface java.util.Map as writing converter although it doesn't convert to a store-supported type! You might want to check your annotation setup at the converter implementation.
2022-05-31 22:57:42,509 WARN (CustomConversions.java:260)- Registering converter from interface java.util.Map to class org.springframework.data.elasticsearch.core.geo.GeoJsonPolygon as reading converter although it doesn't convert from a store-supported type! You might want to check your annotation setup at the converter implementation.
2022-05-31 22:57:42,509 WARN (CustomConversions.java:270)- Registering converter from class org.springframework.data.elasticsearch.core.geo.GeoJsonMultiPolygon to interface java.util.Map as writing converter although it doesn't convert to a store-supported type! You might want to check your annotation setup at the converter implementation.
2022-05-31 22:57:42,509 WARN (CustomConversions.java:260)- Registering converter from interface java.util.Map to class org.springframework.data.elasticsearch.core.geo.GeoJsonMultiPolygon as reading converter although it doesn't convert from a store-supported type! You might want to check your annotation setup at the converter implementation.
2022-05-31 22:57:42,509 WARN (CustomConversions.java:270)- Registering converter from class org.springframework.data.elasticsearch.core.geo.GeoJsonGeometryCollection to interface java.util.Map as writing converter although it doesn't convert to a store-supported type! You might want to check your annotation setup at the converter implementation.
2022-05-31 22:57:42,509 WARN (CustomConversions.java:260)- Registering converter from interface java.util.Map to class org.springframework.data.elasticsearch.core.geo.GeoJsonGeometryCollection as reading converter although it doesn't convert from a store-supported type! You might want to check your annotation setup at the converter implementation.
2022-05-31 22:57:42,625 INFO (VersionInfo.java:62)- Version Spring Data Elasticsearch: 4.1.2
2022-05-31 22:57:42,626 INFO (VersionInfo.java:63)- Version Elasticsearch Client in build: 7.9.3
2022-05-31 22:57:42,626 INFO (VersionInfo.java:64)- Version Elasticsearch Client used: 7.9.3
2022-05-31 22:57:42,942 INFO (ExecutorConfigurationSupport.java:181)- Initializing ExecutorService 'taskScheduler'
2022-05-31 22:57:43,014 INFO (DocumentationPluginsBootstrapper.java:93)- Documentation plugins bootstrapped
2022-05-31 22:57:43,020 INFO (AbstractDocumentationPluginsBootstrapper.java:79)- Found 1 custom documentation plugin(s)
2022-05-31 22:57:43,064 INFO (ApiListingReferenceScanner.java:44)- Scanning for api listing references
2022-05-31 22:57:43,345 INFO (StartupInfoLogger.java:61)- Started DemoApplicationTests in 9.439 seconds (JVM running for 10.789)
2022-05-31 22:57:43,692 INFO (ExecutorConfigurationSupport.java:218)- Shutting down ExecutorService 'taskScheduler'
2022-05-31 22:57:43,713 INFO (ExecutorConfigurationSupport.java:218)- Shutting down ExecutorService 'applicationTaskExecutor'
2022-05-31 22:59:15,831 INFO (Version.java:21)- HV000001: Hibernate Validator 6.2.0.Final
2022-05-31 22:59:15,873 INFO (StartupInfoLogger.java:55)- Starting DemoApplicationTests using Java 1.8.0_311 on BadMac.local with PID 50814 (started by weiyi in /Users/weiyi/ProjectsDocument/IdeaProjects/hjgz/app)
2022-05-31 22:59:15,873 INFO (SpringApplication.java:664)- The following profiles are active: pro
2022-05-31 22:59:17,545 INFO (RepositoryConfigurationDelegate.java:250)- Multiple Spring Data modules found, entering strict repository configuration mode!
2022-05-31 22:59:17,549 INFO (RepositoryConfigurationDelegate.java:128)- Bootstrapping Spring Data Elasticsearch repositories in DEFAULT mode.
2022-05-31 22:59:17,591 INFO (RepositoryConfigurationDelegate.java:188)- Finished Spring Data repository scanning in 35 ms. Found 0 Elasticsearch repository interfaces.
2022-05-31 22:59:17,609 INFO (RepositoryConfigurationDelegate.java:250)- Multiple Spring Data modules found, entering strict repository configuration mode!
2022-05-31 22:59:17,610 INFO (RepositoryConfigurationDelegate.java:128)- Bootstrapping Spring Data Reactive Elasticsearch repositories in DEFAULT mode.
2022-05-31 22:59:17,620 INFO (RepositoryConfigurationDelegate.java:188)- Finished Spring Data repository scanning in 9 ms. Found 0 Reactive Elasticsearch repository interfaces.
2022-05-31 22:59:17,636 INFO (RepositoryConfigurationDelegate.java:250)- Multiple Spring Data modules found, entering strict repository configuration mode!
2022-05-31 22:59:17,637 INFO (RepositoryConfigurationDelegate.java:128)- Bootstrapping Spring Data Redis repositories in DEFAULT mode.
2022-05-31 22:59:17,652 INFO (RepositoryConfigurationDelegate.java:188)- Finished Spring Data repository scanning in 7 ms. Found 0 Redis repository interfaces.
2022-05-31 22:59:18,600 WARN (SensitiveUtils.java:53)- 加载敏感词文件失败: null
2022-05-31 22:59:18,716 WARN (OpenApiExtensionResolver.java:144)- (Ignores) Failed to read Markdown files,Error Message:class path resource [markdowns/] cannot be resolved to URL because it does not exist 
2022-05-31 22:59:21,304 INFO (WebMvcPropertySourcedRequestMappingHandlerMapping.java:69)- Mapped URL path [/v2/api-docs] onto method [springfox.documentation.swagger2.web.Swagger2ControllerWebMvc#getDocumentation(String, HttpServletRequest)]
2022-05-31 22:59:21,870 INFO (ExecutorConfigurationSupport.java:181)- Initializing ExecutorService 'applicationTaskExecutor'
2022-05-31 22:59:23,745 WARN (CustomConversions.java:270)- Registering converter from class org.springframework.data.geo.Point to interface java.util.Map as writing converter although it doesn't convert to a store-supported type! You might want to check your annotation setup at the converter implementation.
2022-05-31 22:59:23,749 WARN (CustomConversions.java:260)- Registering converter from interface java.util.Map to class org.springframework.data.geo.Point as reading converter although it doesn't convert from a store-supported type! You might want to check your annotation setup at the converter implementation.
2022-05-31 22:59:23,750 WARN (CustomConversions.java:270)- Registering converter from class org.springframework.data.elasticsearch.core.geo.GeoPoint to interface java.util.Map as writing converter although it doesn't convert to a store-supported type! You might want to check your annotation setup at the converter implementation.
2022-05-31 22:59:23,750 WARN (CustomConversions.java:260)- Registering converter from interface java.util.Map to class org.springframework.data.elasticsearch.core.geo.GeoPoint as reading converter although it doesn't convert from a store-supported type! You might want to check your annotation setup at the converter implementation.
2022-05-31 22:59:23,750 WARN (CustomConversions.java:270)- Registering converter from interface org.springframework.data.elasticsearch.core.geo.GeoJson to interface java.util.Map as writing converter although it doesn't convert to a store-supported type! You might want to check your annotation setup at the converter implementation.
2022-05-31 22:59:23,750 WARN (CustomConversions.java:260)- Registering converter from interface java.util.Map to interface org.springframework.data.elasticsearch.core.geo.GeoJson as reading converter although it doesn't convert from a store-supported type! You might want to check your annotation setup at the converter implementation.
2022-05-31 22:59:23,750 WARN (CustomConversions.java:270)- Registering converter from class org.springframework.data.elasticsearch.core.geo.GeoJsonPoint to interface java.util.Map as writing converter although it doesn't convert to a store-supported type! You might want to check your annotation setup at the converter implementation.
2022-05-31 22:59:23,751 WARN (CustomConversions.java:260)- Registering converter from interface java.util.Map to class org.springframework.data.elasticsearch.core.geo.GeoJsonPoint as reading converter although it doesn't convert from a store-supported type! You might want to check your annotation setup at the converter implementation.
2022-05-31 22:59:23,752 WARN (CustomConversions.java:270)- Registering converter from class org.springframework.data.elasticsearch.core.geo.GeoJsonMultiPoint to interface java.util.Map as writing converter although it doesn't convert to a store-supported type! You might want to check your annotation setup at the converter implementation.
2022-05-31 22:59:23,752 WARN (CustomConversions.java:260)- Registering converter from interface java.util.Map to class org.springframework.data.elasticsearch.core.geo.GeoJsonMultiPoint as reading converter although it doesn't convert from a store-supported type! You might want to check your annotation setup at the converter implementation.
2022-05-31 22:59:23,753 WARN (CustomConversions.java:270)- Registering converter from class org.springframework.data.elasticsearch.core.geo.GeoJsonLineString to interface java.util.Map as writing converter although it doesn't convert to a store-supported type! You might want to check your annotation setup at the converter implementation.
2022-05-31 22:59:23,753 WARN (CustomConversions.java:260)- Registering converter from interface java.util.Map to class org.springframework.data.elasticsearch.core.geo.GeoJsonLineString as reading converter although it doesn't convert from a store-supported type! You might want to check your annotation setup at the converter implementation.
2022-05-31 22:59:23,753 WARN (CustomConversions.java:270)- Registering converter from class org.springframework.data.elasticsearch.core.geo.GeoJsonMultiLineString to interface java.util.Map as writing converter although it doesn't convert to a store-supported type! You might want to check your annotation setup at the converter implementation.
2022-05-31 22:59:23,754 WARN (CustomConversions.java:260)- Registering converter from interface java.util.Map to class org.springframework.data.elasticsearch.core.geo.GeoJsonMultiLineString as reading converter although it doesn't convert from a store-supported type! You might want to check your annotation setup at the converter implementation.
2022-05-31 22:59:23,754 WARN (CustomConversions.java:270)- Registering converter from class org.springframework.data.elasticsearch.core.geo.GeoJsonPolygon to interface java.util.Map as writing converter although it doesn't convert to a store-supported type! You might want to check your annotation setup at the converter implementation.
2022-05-31 22:59:23,754 WARN (CustomConversions.java:260)- Registering converter from interface java.util.Map to class org.springframework.data.elasticsearch.core.geo.GeoJsonPolygon as reading converter although it doesn't convert from a store-supported type! You might want to check your annotation setup at the converter implementation.
2022-05-31 22:59:23,755 WARN (CustomConversions.java:270)- Registering converter from class org.springframework.data.elasticsearch.core.geo.GeoJsonMultiPolygon to interface java.util.Map as writing converter although it doesn't convert to a store-supported type! You might want to check your annotation setup at the converter implementation.
2022-05-31 22:59:23,755 WARN (CustomConversions.java:260)- Registering converter from interface java.util.Map to class org.springframework.data.elasticsearch.core.geo.GeoJsonMultiPolygon as reading converter although it doesn't convert from a store-supported type! You might want to check your annotation setup at the converter implementation.
2022-05-31 22:59:23,755 WARN (CustomConversions.java:270)- Registering converter from class org.springframework.data.elasticsearch.core.geo.GeoJsonGeometryCollection to interface java.util.Map as writing converter although it doesn't convert to a store-supported type! You might want to check your annotation setup at the converter implementation.
2022-05-31 22:59:23,755 WARN (CustomConversions.java:260)- Registering converter from interface java.util.Map to class org.springframework.data.elasticsearch.core.geo.GeoJsonGeometryCollection as reading converter although it doesn't convert from a store-supported type! You might want to check your annotation setup at the converter implementation.
2022-05-31 22:59:23,863 INFO (VersionInfo.java:62)- Version Spring Data Elasticsearch: 4.1.2
2022-05-31 22:59:23,864 INFO (VersionInfo.java:63)- Version Elasticsearch Client in build: 7.9.3
2022-05-31 22:59:23,865 INFO (VersionInfo.java:64)- Version Elasticsearch Client used: 7.9.3
2022-05-31 22:59:24,237 INFO (ExecutorConfigurationSupport.java:181)- Initializing ExecutorService 'taskScheduler'
2022-05-31 22:59:24,310 INFO (DocumentationPluginsBootstrapper.java:93)- Documentation plugins bootstrapped
2022-05-31 22:59:24,313 INFO (AbstractDocumentationPluginsBootstrapper.java:79)- Found 1 custom documentation plugin(s)
2022-05-31 22:59:24,357 INFO (ApiListingReferenceScanner.java:44)- Scanning for api listing references
2022-05-31 22:59:24,604 INFO (StartupInfoLogger.java:61)- Started DemoApplicationTests in 9.416 seconds (JVM running for 10.795)
2022-05-31 22:59:24,891 INFO (ExecutorConfigurationSupport.java:218)- Shutting down ExecutorService 'taskScheduler'
2022-05-31 22:59:24,903 INFO (ExecutorConfigurationSupport.java:218)- Shutting down ExecutorService 'applicationTaskExecutor'
