2022-05-31 22:45:22,179 INFO (Version.java:21)- HV000001: Hibernate Validator 6.2.0.Final
2022-05-31 22:45:22,193 INFO (StartupInfoLogger.java:55)- Starting AppApplication using Java 1.8.0_311 on BadMac.local with PID 25130 (/Users/weiyi/ProjectsDocument/IdeaProjects/hjgz/app/target/classes started by weiyi in /Users/weiyi/ProjectsDocument/IdeaProjects/hjgz)
2022-05-31 22:45:22,193 INFO (SpringApplication.java:664)- The following profiles are active: pro
2022-05-31 22:45:22,293 INFO (DeferredLog.java:255)- The Class-Path manifest attribute in /Users/weiyi/.m2/repository/com/sun/xml/bind/jaxb-impl/2.3.0/jaxb-impl-2.3.0.jar referenced one or more files that do not exist: file:/Users/weiyi/.m2/repository/com/sun/xml/bind/jaxb-impl/2.3.0/jaxb-core.jar
2022-05-31 22:45:22,294 INFO (DeferredLog.java:255)- The Class-Path manifest attribute in /Users/weiyi/.m2/repository/com/sun/xml/bind/jaxb-core/2.3.0/jaxb-core-2.3.0.jar referenced one or more files that do not exist: file:/Users/weiyi/.m2/repository/com/sun/xml/bind/jaxb-core/2.3.0/jaxb-api.jar
2022-05-31 22:45:22,294 INFO (DeferredLog.java:255)- Devtools property defaults active! Set 'spring.devtools.add-properties' to 'false' to disable
2022-05-31 22:45:22,294 INFO (DeferredLog.java:255)- For additional web related logging consider setting the 'logging.level.web' property to 'DEBUG'
2022-05-31 22:45:23,536 INFO (RepositoryConfigurationDelegate.java:250)- Multiple Spring Data modules found, entering strict repository configuration mode!
2022-05-31 22:45:23,538 INFO (RepositoryConfigurationDelegate.java:128)- Bootstrapping Spring Data Elasticsearch repositories in DEFAULT mode.
2022-05-31 22:45:23,563 INFO (RepositoryConfigurationDelegate.java:188)- Finished Spring Data repository scanning in 21 ms. Found 0 Elasticsearch repository interfaces.
2022-05-31 22:45:23,569 INFO (RepositoryConfigurationDelegate.java:250)- Multiple Spring Data modules found, entering strict repository configuration mode!
2022-05-31 22:45:23,570 INFO (RepositoryConfigurationDelegate.java:128)- Bootstrapping Spring Data Reactive Elasticsearch repositories in DEFAULT mode.
2022-05-31 22:45:23,579 INFO (RepositoryConfigurationDelegate.java:188)- Finished Spring Data repository scanning in 8 ms. Found 0 Reactive Elasticsearch repository interfaces.
2022-05-31 22:45:23,609 INFO (RepositoryConfigurationDelegate.java:250)- Multiple Spring Data modules found, entering strict repository configuration mode!
2022-05-31 22:45:23,610 INFO (RepositoryConfigurationDelegate.java:128)- Bootstrapping Spring Data Redis repositories in DEFAULT mode.
2022-05-31 22:45:23,623 INFO (RepositoryConfigurationDelegate.java:188)- Finished Spring Data repository scanning in 4 ms. Found 0 Redis repository interfaces.
2022-05-31 22:45:24,420 INFO (TomcatWebServer.java:108)- Tomcat initialized with port(s): 8085 (https)
2022-05-31 22:45:24,430 INFO (DirectJDKLog.java:173)- Initializing ProtocolHandler ["https-jsse-nio-8085"]
2022-05-31 22:45:24,430 INFO (DirectJDKLog.java:173)- Starting service [Tomcat]
2022-05-31 22:45:24,431 INFO (DirectJDKLog.java:173)- Starting Servlet engine: [Apache Tomcat/9.0.41]
2022-05-31 22:45:24,502 INFO (DirectJDKLog.java:173)- Initializing Spring embedded WebApplicationContext
2022-05-31 22:45:24,504 INFO (ServletWebServerApplicationContext.java:289)- Root WebApplicationContext: initialization completed in 2209 ms
2022-05-31 22:45:24,603 WARN (OpenApiExtensionResolver.java:144)- (Ignores) Failed to read Markdown files,Error Message:class path resource [markdowns/] cannot be resolved to URL because it does not exist 
2022-05-31 22:45:24,811 WARN (SensitiveUtils.java:53)- 加载敏感词文件失败: null
2022-05-31 22:45:25,546 INFO (WebMvcPropertySourcedRequestMappingHandlerMapping.java:69)- Mapped URL path [/v2/api-docs] onto method [springfox.documentation.swagger2.web.Swagger2ControllerWebMvc#getDocumentation(String, HttpServletRequest)]
2022-05-31 22:45:25,678 INFO (ExecutorConfigurationSupport.java:181)- Initializing ExecutorService 'applicationTaskExecutor'
2022-05-31 22:45:25,723 INFO (OptionalLiveReloadServer.java:58)- LiveReload server is running on port 35729
2022-05-31 22:45:26,385 WARN (CustomConversions.java:270)- Registering converter from class org.springframework.data.geo.Point to interface java.util.Map as writing converter although it doesn't convert to a store-supported type! You might want to check your annotation setup at the converter implementation.
2022-05-31 22:45:26,388 WARN (CustomConversions.java:260)- Registering converter from interface java.util.Map to class org.springframework.data.geo.Point as reading converter although it doesn't convert from a store-supported type! You might want to check your annotation setup at the converter implementation.
2022-05-31 22:45:26,388 WARN (CustomConversions.java:270)- Registering converter from class org.springframework.data.elasticsearch.core.geo.GeoPoint to interface java.util.Map as writing converter although it doesn't convert to a store-supported type! You might want to check your annotation setup at the converter implementation.
2022-05-31 22:45:26,388 WARN (CustomConversions.java:260)- Registering converter from interface java.util.Map to class org.springframework.data.elasticsearch.core.geo.GeoPoint as reading converter although it doesn't convert from a store-supported type! You might want to check your annotation setup at the converter implementation.
2022-05-31 22:45:26,388 WARN (CustomConversions.java:270)- Registering converter from interface org.springframework.data.elasticsearch.core.geo.GeoJson to interface java.util.Map as writing converter although it doesn't convert to a store-supported type! You might want to check your annotation setup at the converter implementation.
2022-05-31 22:45:26,388 WARN (CustomConversions.java:260)- Registering converter from interface java.util.Map to interface org.springframework.data.elasticsearch.core.geo.GeoJson as reading converter although it doesn't convert from a store-supported type! You might want to check your annotation setup at the converter implementation.
2022-05-31 22:45:26,389 WARN (CustomConversions.java:270)- Registering converter from class org.springframework.data.elasticsearch.core.geo.GeoJsonPoint to interface java.util.Map as writing converter although it doesn't convert to a store-supported type! You might want to check your annotation setup at the converter implementation.
2022-05-31 22:45:26,389 WARN (CustomConversions.java:260)- Registering converter from interface java.util.Map to class org.springframework.data.elasticsearch.core.geo.GeoJsonPoint as reading converter although it doesn't convert from a store-supported type! You might want to check your annotation setup at the converter implementation.
2022-05-31 22:45:26,389 WARN (CustomConversions.java:270)- Registering converter from class org.springframework.data.elasticsearch.core.geo.GeoJsonMultiPoint to interface java.util.Map as writing converter although it doesn't convert to a store-supported type! You might want to check your annotation setup at the converter implementation.
2022-05-31 22:45:26,390 WARN (CustomConversions.java:260)- Registering converter from interface java.util.Map to class org.springframework.data.elasticsearch.core.geo.GeoJsonMultiPoint as reading converter although it doesn't convert from a store-supported type! You might want to check your annotation setup at the converter implementation.
2022-05-31 22:45:26,390 WARN (CustomConversions.java:270)- Registering converter from class org.springframework.data.elasticsearch.core.geo.GeoJsonLineString to interface java.util.Map as writing converter although it doesn't convert to a store-supported type! You might want to check your annotation setup at the converter implementation.
2022-05-31 22:45:26,390 WARN (CustomConversions.java:260)- Registering converter from interface java.util.Map to class org.springframework.data.elasticsearch.core.geo.GeoJsonLineString as reading converter although it doesn't convert from a store-supported type! You might want to check your annotation setup at the converter implementation.
2022-05-31 22:45:26,390 WARN (CustomConversions.java:270)- Registering converter from class org.springframework.data.elasticsearch.core.geo.GeoJsonMultiLineString to interface java.util.Map as writing converter although it doesn't convert to a store-supported type! You might want to check your annotation setup at the converter implementation.
2022-05-31 22:45:26,391 WARN (CustomConversions.java:260)- Registering converter from interface java.util.Map to class org.springframework.data.elasticsearch.core.geo.GeoJsonMultiLineString as reading converter although it doesn't convert from a store-supported type! You might want to check your annotation setup at the converter implementation.
2022-05-31 22:45:26,391 WARN (CustomConversions.java:270)- Registering converter from class org.springframework.data.elasticsearch.core.geo.GeoJsonPolygon to interface java.util.Map as writing converter although it doesn't convert to a store-supported type! You might want to check your annotation setup at the converter implementation.
2022-05-31 22:45:26,391 WARN (CustomConversions.java:260)- Registering converter from interface java.util.Map to class org.springframework.data.elasticsearch.core.geo.GeoJsonPolygon as reading converter although it doesn't convert from a store-supported type! You might want to check your annotation setup at the converter implementation.
2022-05-31 22:45:26,391 WARN (CustomConversions.java:270)- Registering converter from class org.springframework.data.elasticsearch.core.geo.GeoJsonMultiPolygon to interface java.util.Map as writing converter although it doesn't convert to a store-supported type! You might want to check your annotation setup at the converter implementation.
2022-05-31 22:45:26,391 WARN (CustomConversions.java:260)- Registering converter from interface java.util.Map to class org.springframework.data.elasticsearch.core.geo.GeoJsonMultiPolygon as reading converter although it doesn't convert from a store-supported type! You might want to check your annotation setup at the converter implementation.
2022-05-31 22:45:26,391 WARN (CustomConversions.java:270)- Registering converter from class org.springframework.data.elasticsearch.core.geo.GeoJsonGeometryCollection to interface java.util.Map as writing converter although it doesn't convert to a store-supported type! You might want to check your annotation setup at the converter implementation.
2022-05-31 22:45:26,391 WARN (CustomConversions.java:260)- Registering converter from interface java.util.Map to class org.springframework.data.elasticsearch.core.geo.GeoJsonGeometryCollection as reading converter although it doesn't convert from a store-supported type! You might want to check your annotation setup at the converter implementation.
2022-05-31 22:45:26,445 INFO (VersionInfo.java:62)- Version Spring Data Elasticsearch: 4.1.2
2022-05-31 22:45:26,446 INFO (VersionInfo.java:63)- Version Elasticsearch Client in build: 7.9.3
2022-05-31 22:45:26,446 INFO (VersionInfo.java:64)- Version Elasticsearch Client used: 7.9.3
2022-05-31 22:45:26,571 INFO (ExecutorConfigurationSupport.java:181)- Initializing ExecutorService 'taskScheduler'
2022-05-31 22:45:26,693 INFO (DirectJDKLog.java:173)- Starting ProtocolHandler ["https-jsse-nio-8085"]
2022-05-31 22:45:26,733 INFO (TomcatWebServer.java:220)- Tomcat started on port(s): 8085 (https) with context path '/hjgz/api'
2022-05-31 22:45:26,736 INFO (DocumentationPluginsBootstrapper.java:93)- Documentation plugins bootstrapped
2022-05-31 22:45:26,739 INFO (AbstractDocumentationPluginsBootstrapper.java:79)- Found 1 custom documentation plugin(s)
2022-05-31 22:45:26,782 INFO (ApiListingReferenceScanner.java:44)- Scanning for api listing references
2022-05-31 22:45:27,054 INFO (StartupInfoLogger.java:61)- Started AppApplication in 5.425 seconds (JVM running for 6.166)
2022-05-31 22:46:09,180 INFO (DirectJDKLog.java:173)- Initializing Spring DispatcherServlet 'dispatcherServlet'
2022-05-31 22:46:09,182 INFO (FrameworkServlet.java:525)- Initializing Servlet 'dispatcherServlet'
2022-05-31 22:46:09,186 INFO (FrameworkServlet.java:547)- Completed initialization in 4 ms
2022-05-31 22:46:19,191 INFO (HikariDataSource.java:110)- MyHikariCP - Starting...
2022-05-31 22:46:23,422 INFO (HikariDataSource.java:123)- MyHikariCP - Start completed.
2022-05-31 22:46:23,518 INFO (LogUtil.java:34)- exceptionHandler(GlobalExceptionHandler.java:54) -->> GET
2022-05-31 22:46:23,518 INFO (LogUtil.java:34)- exceptionHandler(GlobalExceptionHandler.java:55) -->> /hjgz/api
2022-05-31 22:46:23,519 INFO (LogUtil.java:34)- exceptionHandler(GlobalExceptionHandler.java:56) -->> localhost
2022-05-31 22:46:23,548 WARN (AbstractHandlerExceptionResolver.java:207)- Resolved [java.time.format.DateTimeParseException: Text '2022-05-29T20:42:29' could not be parsed, unparsed text found at index 10]
2022-05-31 22:48:59,417 INFO (ExecutorConfigurationSupport.java:218)- Shutting down ExecutorService 'taskScheduler'
2022-05-31 22:48:59,429 INFO (ExecutorConfigurationSupport.java:218)- Shutting down ExecutorService 'applicationTaskExecutor'
2022-05-31 22:48:59,431 INFO (HikariDataSource.java:350)- MyHikariCP - Shutdown initiated...
2022-05-31 22:48:59,451 INFO (HikariDataSource.java:352)- MyHikariCP - Shutdown completed.
2022-05-31 22:49:05,585 INFO (Version.java:21)- HV000001: Hibernate Validator 6.2.0.Final
2022-05-31 22:49:05,601 INFO (StartupInfoLogger.java:55)- Starting AppApplication using Java 1.8.0_311 on BadMac.local with PID 31930 (/Users/weiyi/ProjectsDocument/IdeaProjects/hjgz/app/target/classes started by weiyi in /Users/weiyi/ProjectsDocument/IdeaProjects/hjgz)
2022-05-31 22:49:05,602 INFO (SpringApplication.java:664)- The following profiles are active: pro
2022-05-31 22:49:05,689 INFO (DeferredLog.java:255)- The Class-Path manifest attribute in /Users/weiyi/.m2/repository/com/sun/xml/bind/jaxb-impl/2.3.0/jaxb-impl-2.3.0.jar referenced one or more files that do not exist: file:/Users/weiyi/.m2/repository/com/sun/xml/bind/jaxb-impl/2.3.0/jaxb-core.jar
2022-05-31 22:49:05,690 INFO (DeferredLog.java:255)- The Class-Path manifest attribute in /Users/weiyi/.m2/repository/com/sun/xml/bind/jaxb-core/2.3.0/jaxb-core-2.3.0.jar referenced one or more files that do not exist: file:/Users/weiyi/.m2/repository/com/sun/xml/bind/jaxb-core/2.3.0/jaxb-api.jar
2022-05-31 22:49:05,690 INFO (DeferredLog.java:255)- Devtools property defaults active! Set 'spring.devtools.add-properties' to 'false' to disable
2022-05-31 22:49:05,690 INFO (DeferredLog.java:255)- For additional web related logging consider setting the 'logging.level.web' property to 'DEBUG'
2022-05-31 22:49:06,779 INFO (RepositoryConfigurationDelegate.java:250)- Multiple Spring Data modules found, entering strict repository configuration mode!
2022-05-31 22:49:06,782 INFO (RepositoryConfigurationDelegate.java:128)- Bootstrapping Spring Data Elasticsearch repositories in DEFAULT mode.
2022-05-31 22:49:06,806 INFO (RepositoryConfigurationDelegate.java:188)- Finished Spring Data repository scanning in 22 ms. Found 0 Elasticsearch repository interfaces.
2022-05-31 22:49:06,813 INFO (RepositoryConfigurationDelegate.java:250)- Multiple Spring Data modules found, entering strict repository configuration mode!
2022-05-31 22:49:06,816 INFO (RepositoryConfigurationDelegate.java:128)- Bootstrapping Spring Data Reactive Elasticsearch repositories in DEFAULT mode.
2022-05-31 22:49:06,823 INFO (RepositoryConfigurationDelegate.java:188)- Finished Spring Data repository scanning in 7 ms. Found 0 Reactive Elasticsearch repository interfaces.
2022-05-31 22:49:06,846 INFO (RepositoryConfigurationDelegate.java:250)- Multiple Spring Data modules found, entering strict repository configuration mode!
2022-05-31 22:49:06,847 INFO (RepositoryConfigurationDelegate.java:128)- Bootstrapping Spring Data Redis repositories in DEFAULT mode.
2022-05-31 22:49:06,857 INFO (RepositoryConfigurationDelegate.java:188)- Finished Spring Data repository scanning in 4 ms. Found 0 Redis repository interfaces.
2022-05-31 22:49:07,601 INFO (TomcatWebServer.java:108)- Tomcat initialized with port(s): 8085 (https)
2022-05-31 22:49:07,609 INFO (DirectJDKLog.java:173)- Initializing ProtocolHandler ["https-jsse-nio-8085"]
2022-05-31 22:49:07,610 INFO (DirectJDKLog.java:173)- Starting service [Tomcat]
2022-05-31 22:49:07,610 INFO (DirectJDKLog.java:173)- Starting Servlet engine: [Apache Tomcat/9.0.41]
2022-05-31 22:49:07,677 INFO (DirectJDKLog.java:173)- Initializing Spring embedded WebApplicationContext
2022-05-31 22:49:07,678 INFO (ServletWebServerApplicationContext.java:289)- Root WebApplicationContext: initialization completed in 1987 ms
2022-05-31 22:49:07,773 WARN (OpenApiExtensionResolver.java:144)- (Ignores) Failed to read Markdown files,Error Message:class path resource [markdowns/] cannot be resolved to URL because it does not exist 
2022-05-31 22:49:07,946 WARN (SensitiveUtils.java:53)- 加载敏感词文件失败: null
2022-05-31 22:49:08,648 INFO (WebMvcPropertySourcedRequestMappingHandlerMapping.java:69)- Mapped URL path [/v2/api-docs] onto method [springfox.documentation.swagger2.web.Swagger2ControllerWebMvc#getDocumentation(String, HttpServletRequest)]
2022-05-31 22:49:08,772 INFO (ExecutorConfigurationSupport.java:181)- Initializing ExecutorService 'applicationTaskExecutor'
2022-05-31 22:49:08,817 INFO (OptionalLiveReloadServer.java:58)- LiveReload server is running on port 35729
2022-05-31 22:49:09,412 WARN (CustomConversions.java:270)- Registering converter from class org.springframework.data.geo.Point to interface java.util.Map as writing converter although it doesn't convert to a store-supported type! You might want to check your annotation setup at the converter implementation.
2022-05-31 22:49:09,414 WARN (CustomConversions.java:260)- Registering converter from interface java.util.Map to class org.springframework.data.geo.Point as reading converter although it doesn't convert from a store-supported type! You might want to check your annotation setup at the converter implementation.
2022-05-31 22:49:09,414 WARN (CustomConversions.java:270)- Registering converter from class org.springframework.data.elasticsearch.core.geo.GeoPoint to interface java.util.Map as writing converter although it doesn't convert to a store-supported type! You might want to check your annotation setup at the converter implementation.
2022-05-31 22:49:09,414 WARN (CustomConversions.java:260)- Registering converter from interface java.util.Map to class org.springframework.data.elasticsearch.core.geo.GeoPoint as reading converter although it doesn't convert from a store-supported type! You might want to check your annotation setup at the converter implementation.
2022-05-31 22:49:09,415 WARN (CustomConversions.java:270)- Registering converter from interface org.springframework.data.elasticsearch.core.geo.GeoJson to interface java.util.Map as writing converter although it doesn't convert to a store-supported type! You might want to check your annotation setup at the converter implementation.
2022-05-31 22:49:09,415 WARN (CustomConversions.java:260)- Registering converter from interface java.util.Map to interface org.springframework.data.elasticsearch.core.geo.GeoJson as reading converter although it doesn't convert from a store-supported type! You might want to check your annotation setup at the converter implementation.
2022-05-31 22:49:09,415 WARN (CustomConversions.java:270)- Registering converter from class org.springframework.data.elasticsearch.core.geo.GeoJsonPoint to interface java.util.Map as writing converter although it doesn't convert to a store-supported type! You might want to check your annotation setup at the converter implementation.
2022-05-31 22:49:09,415 WARN (CustomConversions.java:260)- Registering converter from interface java.util.Map to class org.springframework.data.elasticsearch.core.geo.GeoJsonPoint as reading converter although it doesn't convert from a store-supported type! You might want to check your annotation setup at the converter implementation.
2022-05-31 22:49:09,415 WARN (CustomConversions.java:270)- Registering converter from class org.springframework.data.elasticsearch.core.geo.GeoJsonMultiPoint to interface java.util.Map as writing converter although it doesn't convert to a store-supported type! You might want to check your annotation setup at the converter implementation.
2022-05-31 22:49:09,415 WARN (CustomConversions.java:260)- Registering converter from interface java.util.Map to class org.springframework.data.elasticsearch.core.geo.GeoJsonMultiPoint as reading converter although it doesn't convert from a store-supported type! You might want to check your annotation setup at the converter implementation.
2022-05-31 22:49:09,415 WARN (CustomConversions.java:270)- Registering converter from class org.springframework.data.elasticsearch.core.geo.GeoJsonLineString to interface java.util.Map as writing converter although it doesn't convert to a store-supported type! You might want to check your annotation setup at the converter implementation.
2022-05-31 22:49:09,416 WARN (CustomConversions.java:260)- Registering converter from interface java.util.Map to class org.springframework.data.elasticsearch.core.geo.GeoJsonLineString as reading converter although it doesn't convert from a store-supported type! You might want to check your annotation setup at the converter implementation.
2022-05-31 22:49:09,416 WARN (CustomConversions.java:270)- Registering converter from class org.springframework.data.elasticsearch.core.geo.GeoJsonMultiLineString to interface java.util.Map as writing converter although it doesn't convert to a store-supported type! You might want to check your annotation setup at the converter implementation.
2022-05-31 22:49:09,416 WARN (CustomConversions.java:260)- Registering converter from interface java.util.Map to class org.springframework.data.elasticsearch.core.geo.GeoJsonMultiLineString as reading converter although it doesn't convert from a store-supported type! You might want to check your annotation setup at the converter implementation.
2022-05-31 22:49:09,416 WARN (CustomConversions.java:270)- Registering converter from class org.springframework.data.elasticsearch.core.geo.GeoJsonPolygon to interface java.util.Map as writing converter although it doesn't convert to a store-supported type! You might want to check your annotation setup at the converter implementation.
2022-05-31 22:49:09,416 WARN (CustomConversions.java:260)- Registering converter from interface java.util.Map to class org.springframework.data.elasticsearch.core.geo.GeoJsonPolygon as reading converter although it doesn't convert from a store-supported type! You might want to check your annotation setup at the converter implementation.
2022-05-31 22:49:09,416 WARN (CustomConversions.java:270)- Registering converter from class org.springframework.data.elasticsearch.core.geo.GeoJsonMultiPolygon to interface java.util.Map as writing converter although it doesn't convert to a store-supported type! You might want to check your annotation setup at the converter implementation.
2022-05-31 22:49:09,417 WARN (CustomConversions.java:260)- Registering converter from interface java.util.Map to class org.springframework.data.elasticsearch.core.geo.GeoJsonMultiPolygon as reading converter although it doesn't convert from a store-supported type! You might want to check your annotation setup at the converter implementation.
2022-05-31 22:49:09,417 WARN (CustomConversions.java:270)- Registering converter from class org.springframework.data.elasticsearch.core.geo.GeoJsonGeometryCollection to interface java.util.Map as writing converter although it doesn't convert to a store-supported type! You might want to check your annotation setup at the converter implementation.
2022-05-31 22:49:09,417 WARN (CustomConversions.java:260)- Registering converter from interface java.util.Map to class org.springframework.data.elasticsearch.core.geo.GeoJsonGeometryCollection as reading converter although it doesn't convert from a store-supported type! You might want to check your annotation setup at the converter implementation.
2022-05-31 22:49:09,462 INFO (VersionInfo.java:62)- Version Spring Data Elasticsearch: 4.1.2
2022-05-31 22:49:09,463 INFO (VersionInfo.java:63)- Version Elasticsearch Client in build: 7.9.3
2022-05-31 22:49:09,463 INFO (VersionInfo.java:64)- Version Elasticsearch Client used: 7.9.3
2022-05-31 22:49:09,589 INFO (ExecutorConfigurationSupport.java:181)- Initializing ExecutorService 'taskScheduler'
2022-05-31 22:49:09,714 INFO (DirectJDKLog.java:173)- Starting ProtocolHandler ["https-jsse-nio-8085"]
2022-05-31 22:49:09,749 INFO (TomcatWebServer.java:220)- Tomcat started on port(s): 8085 (https) with context path '/hjgz/api'
2022-05-31 22:49:09,752 INFO (DocumentationPluginsBootstrapper.java:93)- Documentation plugins bootstrapped
2022-05-31 22:49:09,757 INFO (AbstractDocumentationPluginsBootstrapper.java:79)- Found 1 custom documentation plugin(s)
2022-05-31 22:49:09,802 INFO (ApiListingReferenceScanner.java:44)- Scanning for api listing references
2022-05-31 22:49:09,965 INFO (StartupInfoLogger.java:61)- Started AppApplication in 4.937 seconds (JVM running for 5.86)
2022-05-31 22:49:18,330 INFO (DirectJDKLog.java:173)- Initializing Spring DispatcherServlet 'dispatcherServlet'
2022-05-31 22:49:18,334 INFO (FrameworkServlet.java:525)- Initializing Servlet 'dispatcherServlet'
2022-05-31 22:49:18,340 INFO (FrameworkServlet.java:547)- Completed initialization in 6 ms
2022-05-31 22:49:18,451 INFO (HikariDataSource.java:110)- MyHikariCP - Starting...
2022-05-31 22:49:19,241 INFO (HikariDataSource.java:123)- MyHikariCP - Start completed.
2022-05-31 22:49:36,565 INFO (LogUtil.java:34)- signIn(LevelController.java:74) -->> Level(id=1, exp=46, yesterdayExp=43, ipAddress=0:0:0:0:0:0:0:1, ipSource=, signInTime=2022-05-31T22:49:36.306)
2022-05-31 22:52:05,170 INFO (ExecutorConfigurationSupport.java:218)- Shutting down ExecutorService 'taskScheduler'
2022-05-31 22:52:05,178 INFO (ExecutorConfigurationSupport.java:218)- Shutting down ExecutorService 'applicationTaskExecutor'
2022-05-31 22:52:05,181 INFO (HikariDataSource.java:350)- MyHikariCP - Shutdown initiated...
2022-05-31 22:52:05,195 INFO (HikariDataSource.java:352)- MyHikariCP - Shutdown completed.
2022-05-31 22:52:10,997 INFO (Version.java:21)- HV000001: Hibernate Validator 6.2.0.Final
2022-05-31 22:52:11,008 INFO (StartupInfoLogger.java:55)- Starting AppApplication using Java 1.8.0_311 on BadMac.local with PID 37720 (/Users/weiyi/ProjectsDocument/IdeaProjects/hjgz/app/target/classes started by weiyi in /Users/weiyi/ProjectsDocument/IdeaProjects/hjgz)
2022-05-31 22:52:11,008 INFO (SpringApplication.java:664)- The following profiles are active: pro
2022-05-31 22:52:11,099 INFO (DeferredLog.java:255)- The Class-Path manifest attribute in /Users/weiyi/.m2/repository/com/sun/xml/bind/jaxb-impl/2.3.0/jaxb-impl-2.3.0.jar referenced one or more files that do not exist: file:/Users/weiyi/.m2/repository/com/sun/xml/bind/jaxb-impl/2.3.0/jaxb-core.jar
2022-05-31 22:52:11,100 INFO (DeferredLog.java:255)- The Class-Path manifest attribute in /Users/weiyi/.m2/repository/com/sun/xml/bind/jaxb-core/2.3.0/jaxb-core-2.3.0.jar referenced one or more files that do not exist: file:/Users/weiyi/.m2/repository/com/sun/xml/bind/jaxb-core/2.3.0/jaxb-api.jar
2022-05-31 22:52:11,100 INFO (DeferredLog.java:255)- Devtools property defaults active! Set 'spring.devtools.add-properties' to 'false' to disable
2022-05-31 22:52:11,100 INFO (DeferredLog.java:255)- For additional web related logging consider setting the 'logging.level.web' property to 'DEBUG'
2022-05-31 22:52:12,288 INFO (RepositoryConfigurationDelegate.java:250)- Multiple Spring Data modules found, entering strict repository configuration mode!
2022-05-31 22:52:12,291 INFO (RepositoryConfigurationDelegate.java:128)- Bootstrapping Spring Data Elasticsearch repositories in DEFAULT mode.
2022-05-31 22:52:12,320 INFO (RepositoryConfigurationDelegate.java:188)- Finished Spring Data repository scanning in 26 ms. Found 0 Elasticsearch repository interfaces.
2022-05-31 22:52:12,327 INFO (RepositoryConfigurationDelegate.java:250)- Multiple Spring Data modules found, entering strict repository configuration mode!
2022-05-31 22:52:12,328 INFO (RepositoryConfigurationDelegate.java:128)- Bootstrapping Spring Data Reactive Elasticsearch repositories in DEFAULT mode.
2022-05-31 22:52:12,337 INFO (RepositoryConfigurationDelegate.java:188)- Finished Spring Data repository scanning in 9 ms. Found 0 Reactive Elasticsearch repository interfaces.
2022-05-31 22:52:12,366 INFO (RepositoryConfigurationDelegate.java:250)- Multiple Spring Data modules found, entering strict repository configuration mode!
2022-05-31 22:52:12,368 INFO (RepositoryConfigurationDelegate.java:128)- Bootstrapping Spring Data Redis repositories in DEFAULT mode.
2022-05-31 22:52:12,381 INFO (RepositoryConfigurationDelegate.java:188)- Finished Spring Data repository scanning in 4 ms. Found 0 Redis repository interfaces.
2022-05-31 22:52:13,152 INFO (TomcatWebServer.java:108)- Tomcat initialized with port(s): 8085 (https)
2022-05-31 22:52:13,160 INFO (DirectJDKLog.java:173)- Initializing ProtocolHandler ["https-jsse-nio-8085"]
2022-05-31 22:52:13,160 INFO (DirectJDKLog.java:173)- Starting service [Tomcat]
2022-05-31 22:52:13,161 INFO (DirectJDKLog.java:173)- Starting Servlet engine: [Apache Tomcat/9.0.41]
2022-05-31 22:52:13,224 INFO (DirectJDKLog.java:173)- Initializing Spring embedded WebApplicationContext
2022-05-31 22:52:13,226 INFO (ServletWebServerApplicationContext.java:289)- Root WebApplicationContext: initialization completed in 2125 ms
2022-05-31 22:52:13,320 WARN (OpenApiExtensionResolver.java:144)- (Ignores) Failed to read Markdown files,Error Message:class path resource [markdowns/] cannot be resolved to URL because it does not exist 
2022-05-31 22:52:13,497 WARN (SensitiveUtils.java:53)- 加载敏感词文件失败: null
2022-05-31 22:52:14,215 INFO (WebMvcPropertySourcedRequestMappingHandlerMapping.java:69)- Mapped URL path [/v2/api-docs] onto method [springfox.documentation.swagger2.web.Swagger2ControllerWebMvc#getDocumentation(String, HttpServletRequest)]
2022-05-31 22:52:14,335 INFO (ExecutorConfigurationSupport.java:181)- Initializing ExecutorService 'applicationTaskExecutor'
2022-05-31 22:52:14,387 INFO (OptionalLiveReloadServer.java:58)- LiveReload server is running on port 35729
2022-05-31 22:52:14,973 WARN (CustomConversions.java:270)- Registering converter from class org.springframework.data.geo.Point to interface java.util.Map as writing converter although it doesn't convert to a store-supported type! You might want to check your annotation setup at the converter implementation.
2022-05-31 22:52:14,975 WARN (CustomConversions.java:260)- Registering converter from interface java.util.Map to class org.springframework.data.geo.Point as reading converter although it doesn't convert from a store-supported type! You might want to check your annotation setup at the converter implementation.
2022-05-31 22:52:14,975 WARN (CustomConversions.java:270)- Registering converter from class org.springframework.data.elasticsearch.core.geo.GeoPoint to interface java.util.Map as writing converter although it doesn't convert to a store-supported type! You might want to check your annotation setup at the converter implementation.
2022-05-31 22:52:14,975 WARN (CustomConversions.java:260)- Registering converter from interface java.util.Map to class org.springframework.data.elasticsearch.core.geo.GeoPoint as reading converter although it doesn't convert from a store-supported type! You might want to check your annotation setup at the converter implementation.
2022-05-31 22:52:14,975 WARN (CustomConversions.java:270)- Registering converter from interface org.springframework.data.elasticsearch.core.geo.GeoJson to interface java.util.Map as writing converter although it doesn't convert to a store-supported type! You might want to check your annotation setup at the converter implementation.
2022-05-31 22:52:14,975 WARN (CustomConversions.java:260)- Registering converter from interface java.util.Map to interface org.springframework.data.elasticsearch.core.geo.GeoJson as reading converter although it doesn't convert from a store-supported type! You might want to check your annotation setup at the converter implementation.
2022-05-31 22:52:14,975 WARN (CustomConversions.java:270)- Registering converter from class org.springframework.data.elasticsearch.core.geo.GeoJsonPoint to interface java.util.Map as writing converter although it doesn't convert to a store-supported type! You might want to check your annotation setup at the converter implementation.
2022-05-31 22:52:14,976 WARN (CustomConversions.java:260)- Registering converter from interface java.util.Map to class org.springframework.data.elasticsearch.core.geo.GeoJsonPoint as reading converter although it doesn't convert from a store-supported type! You might want to check your annotation setup at the converter implementation.
2022-05-31 22:52:14,976 WARN (CustomConversions.java:270)- Registering converter from class org.springframework.data.elasticsearch.core.geo.GeoJsonMultiPoint to interface java.util.Map as writing converter although it doesn't convert to a store-supported type! You might want to check your annotation setup at the converter implementation.
2022-05-31 22:52:14,976 WARN (CustomConversions.java:260)- Registering converter from interface java.util.Map to class org.springframework.data.elasticsearch.core.geo.GeoJsonMultiPoint as reading converter although it doesn't convert from a store-supported type! You might want to check your annotation setup at the converter implementation.
2022-05-31 22:52:14,976 WARN (CustomConversions.java:270)- Registering converter from class org.springframework.data.elasticsearch.core.geo.GeoJsonLineString to interface java.util.Map as writing converter although it doesn't convert to a store-supported type! You might want to check your annotation setup at the converter implementation.
2022-05-31 22:52:14,976 WARN (CustomConversions.java:260)- Registering converter from interface java.util.Map to class org.springframework.data.elasticsearch.core.geo.GeoJsonLineString as reading converter although it doesn't convert from a store-supported type! You might want to check your annotation setup at the converter implementation.
2022-05-31 22:52:14,976 WARN (CustomConversions.java:270)- Registering converter from class org.springframework.data.elasticsearch.core.geo.GeoJsonMultiLineString to interface java.util.Map as writing converter although it doesn't convert to a store-supported type! You might want to check your annotation setup at the converter implementation.
2022-05-31 22:52:14,977 WARN (CustomConversions.java:260)- Registering converter from interface java.util.Map to class org.springframework.data.elasticsearch.core.geo.GeoJsonMultiLineString as reading converter although it doesn't convert from a store-supported type! You might want to check your annotation setup at the converter implementation.
2022-05-31 22:52:14,977 WARN (CustomConversions.java:270)- Registering converter from class org.springframework.data.elasticsearch.core.geo.GeoJsonPolygon to interface java.util.Map as writing converter although it doesn't convert to a store-supported type! You might want to check your annotation setup at the converter implementation.
2022-05-31 22:52:14,977 WARN (CustomConversions.java:260)- Registering converter from interface java.util.Map to class org.springframework.data.elasticsearch.core.geo.GeoJsonPolygon as reading converter although it doesn't convert from a store-supported type! You might want to check your annotation setup at the converter implementation.
2022-05-31 22:52:14,977 WARN (CustomConversions.java:270)- Registering converter from class org.springframework.data.elasticsearch.core.geo.GeoJsonMultiPolygon to interface java.util.Map as writing converter although it doesn't convert to a store-supported type! You might want to check your annotation setup at the converter implementation.
2022-05-31 22:52:14,977 WARN (CustomConversions.java:260)- Registering converter from interface java.util.Map to class org.springframework.data.elasticsearch.core.geo.GeoJsonMultiPolygon as reading converter although it doesn't convert from a store-supported type! You might want to check your annotation setup at the converter implementation.
2022-05-31 22:52:14,978 WARN (CustomConversions.java:270)- Registering converter from class org.springframework.data.elasticsearch.core.geo.GeoJsonGeometryCollection to interface java.util.Map as writing converter although it doesn't convert to a store-supported type! You might want to check your annotation setup at the converter implementation.
2022-05-31 22:52:14,978 WARN (CustomConversions.java:260)- Registering converter from interface java.util.Map to class org.springframework.data.elasticsearch.core.geo.GeoJsonGeometryCollection as reading converter although it doesn't convert from a store-supported type! You might want to check your annotation setup at the converter implementation.
2022-05-31 22:52:15,021 INFO (VersionInfo.java:62)- Version Spring Data Elasticsearch: 4.1.2
2022-05-31 22:52:15,022 INFO (VersionInfo.java:63)- Version Elasticsearch Client in build: 7.9.3
2022-05-31 22:52:15,022 INFO (VersionInfo.java:64)- Version Elasticsearch Client used: 7.9.3
2022-05-31 22:52:15,147 INFO (ExecutorConfigurationSupport.java:181)- Initializing ExecutorService 'taskScheduler'
2022-05-31 22:52:15,263 INFO (DirectJDKLog.java:173)- Starting ProtocolHandler ["https-jsse-nio-8085"]
2022-05-31 22:52:15,301 INFO (TomcatWebServer.java:220)- Tomcat started on port(s): 8085 (https) with context path '/hjgz/api'
2022-05-31 22:52:15,304 INFO (DocumentationPluginsBootstrapper.java:93)- Documentation plugins bootstrapped
2022-05-31 22:52:15,306 INFO (AbstractDocumentationPluginsBootstrapper.java:79)- Found 1 custom documentation plugin(s)
2022-05-31 22:52:15,353 INFO (ApiListingReferenceScanner.java:44)- Scanning for api listing references
2022-05-31 22:52:15,655 INFO (StartupInfoLogger.java:61)- Started AppApplication in 5.138 seconds (JVM running for 5.801)
2022-05-31 22:52:21,466 INFO (DirectJDKLog.java:173)- Initializing Spring DispatcherServlet 'dispatcherServlet'
2022-05-31 22:52:21,468 INFO (FrameworkServlet.java:525)- Initializing Servlet 'dispatcherServlet'
2022-05-31 22:52:21,473 INFO (FrameworkServlet.java:547)- Completed initialization in 5 ms
2022-05-31 22:52:21,590 INFO (HikariDataSource.java:110)- MyHikariCP - Starting...
2022-05-31 22:52:22,368 INFO (HikariDataSource.java:123)- MyHikariCP - Start completed.
2022-05-31 22:52:22,509 INFO (LogUtil.java:34)- <init>(LevelVO.java:102) -->> 2022-05-31T22:49:36
2022-05-31 22:52:50,284 INFO (ExecutorConfigurationSupport.java:218)- Shutting down ExecutorService 'taskScheduler'
2022-05-31 22:52:50,302 INFO (ExecutorConfigurationSupport.java:218)- Shutting down ExecutorService 'applicationTaskExecutor'
2022-05-31 22:52:50,304 INFO (HikariDataSource.java:350)- MyHikariCP - Shutdown initiated...
2022-05-31 22:52:50,321 INFO (HikariDataSource.java:352)- MyHikariCP - Shutdown completed.
2022-05-31 22:52:56,101 INFO (Version.java:21)- HV000001: Hibernate Validator 6.2.0.Final
2022-05-31 22:52:56,119 INFO (StartupInfoLogger.java:55)- Starting AppApplication using Java 1.8.0_311 on BadMac.local with PID 39155 (/Users/weiyi/ProjectsDocument/IdeaProjects/hjgz/app/target/classes started by weiyi in /Users/weiyi/ProjectsDocument/IdeaProjects/hjgz)
2022-05-31 22:52:56,120 INFO (SpringApplication.java:664)- The following profiles are active: pro
2022-05-31 22:52:56,207 INFO (DeferredLog.java:255)- The Class-Path manifest attribute in /Users/weiyi/.m2/repository/com/sun/xml/bind/jaxb-impl/2.3.0/jaxb-impl-2.3.0.jar referenced one or more files that do not exist: file:/Users/weiyi/.m2/repository/com/sun/xml/bind/jaxb-impl/2.3.0/jaxb-core.jar
2022-05-31 22:52:56,207 INFO (DeferredLog.java:255)- The Class-Path manifest attribute in /Users/weiyi/.m2/repository/com/sun/xml/bind/jaxb-core/2.3.0/jaxb-core-2.3.0.jar referenced one or more files that do not exist: file:/Users/weiyi/.m2/repository/com/sun/xml/bind/jaxb-core/2.3.0/jaxb-api.jar
2022-05-31 22:52:56,208 INFO (DeferredLog.java:255)- Devtools property defaults active! Set 'spring.devtools.add-properties' to 'false' to disable
2022-05-31 22:52:56,208 INFO (DeferredLog.java:255)- For additional web related logging consider setting the 'logging.level.web' property to 'DEBUG'
2022-05-31 22:52:57,356 INFO (RepositoryConfigurationDelegate.java:250)- Multiple Spring Data modules found, entering strict repository configuration mode!
2022-05-31 22:52:57,358 INFO (RepositoryConfigurationDelegate.java:128)- Bootstrapping Spring Data Elasticsearch repositories in DEFAULT mode.
2022-05-31 22:52:57,383 INFO (RepositoryConfigurationDelegate.java:188)- Finished Spring Data repository scanning in 22 ms. Found 0 Elasticsearch repository interfaces.
2022-05-31 22:52:57,391 INFO (RepositoryConfigurationDelegate.java:250)- Multiple Spring Data modules found, entering strict repository configuration mode!
2022-05-31 22:52:57,395 INFO (RepositoryConfigurationDelegate.java:128)- Bootstrapping Spring Data Reactive Elasticsearch repositories in DEFAULT mode.
2022-05-31 22:52:57,406 INFO (RepositoryConfigurationDelegate.java:188)- Finished Spring Data repository scanning in 10 ms. Found 0 Reactive Elasticsearch repository interfaces.
2022-05-31 22:52:57,428 INFO (RepositoryConfigurationDelegate.java:250)- Multiple Spring Data modules found, entering strict repository configuration mode!
2022-05-31 22:52:57,429 INFO (RepositoryConfigurationDelegate.java:128)- Bootstrapping Spring Data Redis repositories in DEFAULT mode.
2022-05-31 22:52:57,439 INFO (RepositoryConfigurationDelegate.java:188)- Finished Spring Data repository scanning in 4 ms. Found 0 Redis repository interfaces.
2022-05-31 22:52:58,178 INFO (TomcatWebServer.java:108)- Tomcat initialized with port(s): 8085 (https)
2022-05-31 22:52:58,186 INFO (DirectJDKLog.java:173)- Initializing ProtocolHandler ["https-jsse-nio-8085"]
2022-05-31 22:52:58,186 INFO (DirectJDKLog.java:173)- Starting service [Tomcat]
2022-05-31 22:52:58,186 INFO (DirectJDKLog.java:173)- Starting Servlet engine: [Apache Tomcat/9.0.41]
2022-05-31 22:52:58,252 INFO (DirectJDKLog.java:173)- Initializing Spring embedded WebApplicationContext
2022-05-31 22:52:58,252 INFO (ServletWebServerApplicationContext.java:289)- Root WebApplicationContext: initialization completed in 2043 ms
2022-05-31 22:52:58,347 WARN (OpenApiExtensionResolver.java:144)- (Ignores) Failed to read Markdown files,Error Message:class path resource [markdowns/] cannot be resolved to URL because it does not exist 
2022-05-31 22:52:58,529 WARN (SensitiveUtils.java:53)- 加载敏感词文件失败: null
2022-05-31 22:52:59,224 INFO (WebMvcPropertySourcedRequestMappingHandlerMapping.java:69)- Mapped URL path [/v2/api-docs] onto method [springfox.documentation.swagger2.web.Swagger2ControllerWebMvc#getDocumentation(String, HttpServletRequest)]
2022-05-31 22:52:59,340 INFO (ExecutorConfigurationSupport.java:181)- Initializing ExecutorService 'applicationTaskExecutor'
2022-05-31 22:52:59,393 INFO (OptionalLiveReloadServer.java:58)- LiveReload server is running on port 35729
2022-05-31 22:53:00,010 WARN (CustomConversions.java:270)- Registering converter from class org.springframework.data.geo.Point to interface java.util.Map as writing converter although it doesn't convert to a store-supported type! You might want to check your annotation setup at the converter implementation.
2022-05-31 22:53:00,012 WARN (CustomConversions.java:260)- Registering converter from interface java.util.Map to class org.springframework.data.geo.Point as reading converter although it doesn't convert from a store-supported type! You might want to check your annotation setup at the converter implementation.
2022-05-31 22:53:00,013 WARN (CustomConversions.java:270)- Registering converter from class org.springframework.data.elasticsearch.core.geo.GeoPoint to interface java.util.Map as writing converter although it doesn't convert to a store-supported type! You might want to check your annotation setup at the converter implementation.
2022-05-31 22:53:00,013 WARN (CustomConversions.java:260)- Registering converter from interface java.util.Map to class org.springframework.data.elasticsearch.core.geo.GeoPoint as reading converter although it doesn't convert from a store-supported type! You might want to check your annotation setup at the converter implementation.
2022-05-31 22:53:00,013 WARN (CustomConversions.java:270)- Registering converter from interface org.springframework.data.elasticsearch.core.geo.GeoJson to interface java.util.Map as writing converter although it doesn't convert to a store-supported type! You might want to check your annotation setup at the converter implementation.
2022-05-31 22:53:00,013 WARN (CustomConversions.java:260)- Registering converter from interface java.util.Map to interface org.springframework.data.elasticsearch.core.geo.GeoJson as reading converter although it doesn't convert from a store-supported type! You might want to check your annotation setup at the converter implementation.
2022-05-31 22:53:00,013 WARN (CustomConversions.java:270)- Registering converter from class org.springframework.data.elasticsearch.core.geo.GeoJsonPoint to interface java.util.Map as writing converter although it doesn't convert to a store-supported type! You might want to check your annotation setup at the converter implementation.
2022-05-31 22:53:00,013 WARN (CustomConversions.java:260)- Registering converter from interface java.util.Map to class org.springframework.data.elasticsearch.core.geo.GeoJsonPoint as reading converter although it doesn't convert from a store-supported type! You might want to check your annotation setup at the converter implementation.
2022-05-31 22:53:00,014 WARN (CustomConversions.java:270)- Registering converter from class org.springframework.data.elasticsearch.core.geo.GeoJsonMultiPoint to interface java.util.Map as writing converter although it doesn't convert to a store-supported type! You might want to check your annotation setup at the converter implementation.
2022-05-31 22:53:00,014 WARN (CustomConversions.java:260)- Registering converter from interface java.util.Map to class org.springframework.data.elasticsearch.core.geo.GeoJsonMultiPoint as reading converter although it doesn't convert from a store-supported type! You might want to check your annotation setup at the converter implementation.
2022-05-31 22:53:00,014 WARN (CustomConversions.java:270)- Registering converter from class org.springframework.data.elasticsearch.core.geo.GeoJsonLineString to interface java.util.Map as writing converter although it doesn't convert to a store-supported type! You might want to check your annotation setup at the converter implementation.
2022-05-31 22:53:00,014 WARN (CustomConversions.java:260)- Registering converter from interface java.util.Map to class org.springframework.data.elasticsearch.core.geo.GeoJsonLineString as reading converter although it doesn't convert from a store-supported type! You might want to check your annotation setup at the converter implementation.
2022-05-31 22:53:00,015 WARN (CustomConversions.java:270)- Registering converter from class org.springframework.data.elasticsearch.core.geo.GeoJsonMultiLineString to interface java.util.Map as writing converter although it doesn't convert to a store-supported type! You might want to check your annotation setup at the converter implementation.
2022-05-31 22:53:00,015 WARN (CustomConversions.java:260)- Registering converter from interface java.util.Map to class org.springframework.data.elasticsearch.core.geo.GeoJsonMultiLineString as reading converter although it doesn't convert from a store-supported type! You might want to check your annotation setup at the converter implementation.
2022-05-31 22:53:00,015 WARN (CustomConversions.java:270)- Registering converter from class org.springframework.data.elasticsearch.core.geo.GeoJsonPolygon to interface java.util.Map as writing converter although it doesn't convert to a store-supported type! You might want to check your annotation setup at the converter implementation.
2022-05-31 22:53:00,015 WARN (CustomConversions.java:260)- Registering converter from interface java.util.Map to class org.springframework.data.elasticsearch.core.geo.GeoJsonPolygon as reading converter although it doesn't convert from a store-supported type! You might want to check your annotation setup at the converter implementation.
2022-05-31 22:53:00,015 WARN (CustomConversions.java:270)- Registering converter from class org.springframework.data.elasticsearch.core.geo.GeoJsonMultiPolygon to interface java.util.Map as writing converter although it doesn't convert to a store-supported type! You might want to check your annotation setup at the converter implementation.
2022-05-31 22:53:00,015 WARN (CustomConversions.java:260)- Registering converter from interface java.util.Map to class org.springframework.data.elasticsearch.core.geo.GeoJsonMultiPolygon as reading converter although it doesn't convert from a store-supported type! You might want to check your annotation setup at the converter implementation.
2022-05-31 22:53:00,015 WARN (CustomConversions.java:270)- Registering converter from class org.springframework.data.elasticsearch.core.geo.GeoJsonGeometryCollection to interface java.util.Map as writing converter although it doesn't convert to a store-supported type! You might want to check your annotation setup at the converter implementation.
2022-05-31 22:53:00,016 WARN (CustomConversions.java:260)- Registering converter from interface java.util.Map to class org.springframework.data.elasticsearch.core.geo.GeoJsonGeometryCollection as reading converter although it doesn't convert from a store-supported type! You might want to check your annotation setup at the converter implementation.
2022-05-31 22:53:00,064 INFO (VersionInfo.java:62)- Version Spring Data Elasticsearch: 4.1.2
2022-05-31 22:53:00,065 INFO (VersionInfo.java:63)- Version Elasticsearch Client in build: 7.9.3
2022-05-31 22:53:00,065 INFO (VersionInfo.java:64)- Version Elasticsearch Client used: 7.9.3
2022-05-31 22:53:00,183 INFO (ExecutorConfigurationSupport.java:181)- Initializing ExecutorService 'taskScheduler'
2022-05-31 22:53:00,293 INFO (DirectJDKLog.java:173)- Starting ProtocolHandler ["https-jsse-nio-8085"]
2022-05-31 22:53:00,333 INFO (TomcatWebServer.java:220)- Tomcat started on port(s): 8085 (https) with context path '/hjgz/api'
2022-05-31 22:53:00,337 INFO (DocumentationPluginsBootstrapper.java:93)- Documentation plugins bootstrapped
2022-05-31 22:53:00,339 INFO (AbstractDocumentationPluginsBootstrapper.java:79)- Found 1 custom documentation plugin(s)
2022-05-31 22:53:00,382 INFO (ApiListingReferenceScanner.java:44)- Scanning for api listing references
2022-05-31 22:53:00,555 INFO (StartupInfoLogger.java:61)- Started AppApplication in 4.933 seconds (JVM running for 5.601)
2022-05-31 22:53:06,369 INFO (ExecutorConfigurationSupport.java:218)- Shutting down ExecutorService 'taskScheduler'
2022-05-31 22:53:06,397 INFO (ExecutorConfigurationSupport.java:218)- Shutting down ExecutorService 'applicationTaskExecutor'
2022-05-31 22:53:12,163 INFO (Version.java:21)- HV000001: Hibernate Validator 6.2.0.Final
2022-05-31 22:53:12,177 INFO (StartupInfoLogger.java:55)- Starting AppApplication using Java 1.8.0_311 on BadMac.local with PID 39690 (/Users/weiyi/ProjectsDocument/IdeaProjects/hjgz/app/target/classes started by weiyi in /Users/weiyi/ProjectsDocument/IdeaProjects/hjgz)
2022-05-31 22:53:12,177 INFO (SpringApplication.java:664)- The following profiles are active: pro
2022-05-31 22:53:12,268 INFO (DeferredLog.java:255)- The Class-Path manifest attribute in /Users/weiyi/.m2/repository/com/sun/xml/bind/jaxb-impl/2.3.0/jaxb-impl-2.3.0.jar referenced one or more files that do not exist: file:/Users/weiyi/.m2/repository/com/sun/xml/bind/jaxb-impl/2.3.0/jaxb-core.jar
2022-05-31 22:53:12,269 INFO (DeferredLog.java:255)- The Class-Path manifest attribute in /Users/weiyi/.m2/repository/com/sun/xml/bind/jaxb-core/2.3.0/jaxb-core-2.3.0.jar referenced one or more files that do not exist: file:/Users/weiyi/.m2/repository/com/sun/xml/bind/jaxb-core/2.3.0/jaxb-api.jar
2022-05-31 22:53:12,270 INFO (DeferredLog.java:255)- Devtools property defaults active! Set 'spring.devtools.add-properties' to 'false' to disable
2022-05-31 22:53:12,270 INFO (DeferredLog.java:255)- For additional web related logging consider setting the 'logging.level.web' property to 'DEBUG'
2022-05-31 22:53:13,399 INFO (RepositoryConfigurationDelegate.java:250)- Multiple Spring Data modules found, entering strict repository configuration mode!
2022-05-31 22:53:13,401 INFO (RepositoryConfigurationDelegate.java:128)- Bootstrapping Spring Data Elasticsearch repositories in DEFAULT mode.
2022-05-31 22:53:13,428 INFO (RepositoryConfigurationDelegate.java:188)- Finished Spring Data repository scanning in 24 ms. Found 0 Elasticsearch repository interfaces.
2022-05-31 22:53:13,435 INFO (RepositoryConfigurationDelegate.java:250)- Multiple Spring Data modules found, entering strict repository configuration mode!
2022-05-31 22:53:13,437 INFO (RepositoryConfigurationDelegate.java:128)- Bootstrapping Spring Data Reactive Elasticsearch repositories in DEFAULT mode.
2022-05-31 22:53:13,445 INFO (RepositoryConfigurationDelegate.java:188)- Finished Spring Data repository scanning in 7 ms. Found 0 Reactive Elasticsearch repository interfaces.
2022-05-31 22:53:13,468 INFO (RepositoryConfigurationDelegate.java:250)- Multiple Spring Data modules found, entering strict repository configuration mode!
2022-05-31 22:53:13,469 INFO (RepositoryConfigurationDelegate.java:128)- Bootstrapping Spring Data Redis repositories in DEFAULT mode.
2022-05-31 22:53:13,479 INFO (RepositoryConfigurationDelegate.java:188)- Finished Spring Data repository scanning in 4 ms. Found 0 Redis repository interfaces.
2022-05-31 22:53:14,209 INFO (TomcatWebServer.java:108)- Tomcat initialized with port(s): 8085 (https)
2022-05-31 22:53:14,217 INFO (DirectJDKLog.java:173)- Initializing ProtocolHandler ["https-jsse-nio-8085"]
2022-05-31 22:53:14,219 INFO (DirectJDKLog.java:173)- Starting service [Tomcat]
2022-05-31 22:53:14,219 INFO (DirectJDKLog.java:173)- Starting Servlet engine: [Apache Tomcat/9.0.41]
2022-05-31 22:53:14,288 INFO (DirectJDKLog.java:173)- Initializing Spring embedded WebApplicationContext
2022-05-31 22:53:14,289 INFO (ServletWebServerApplicationContext.java:289)- Root WebApplicationContext: initialization completed in 2012 ms
2022-05-31 22:53:14,387 WARN (OpenApiExtensionResolver.java:144)- (Ignores) Failed to read Markdown files,Error Message:class path resource [markdowns/] cannot be resolved to URL because it does not exist 
2022-05-31 22:53:14,563 WARN (SensitiveUtils.java:53)- 加载敏感词文件失败: null
2022-05-31 22:53:15,257 INFO (WebMvcPropertySourcedRequestMappingHandlerMapping.java:69)- Mapped URL path [/v2/api-docs] onto method [springfox.documentation.swagger2.web.Swagger2ControllerWebMvc#getDocumentation(String, HttpServletRequest)]
2022-05-31 22:53:15,376 INFO (ExecutorConfigurationSupport.java:181)- Initializing ExecutorService 'applicationTaskExecutor'
2022-05-31 22:53:15,424 INFO (OptionalLiveReloadServer.java:58)- LiveReload server is running on port 35729
2022-05-31 22:53:16,037 WARN (CustomConversions.java:270)- Registering converter from class org.springframework.data.geo.Point to interface java.util.Map as writing converter although it doesn't convert to a store-supported type! You might want to check your annotation setup at the converter implementation.
2022-05-31 22:53:16,040 WARN (CustomConversions.java:260)- Registering converter from interface java.util.Map to class org.springframework.data.geo.Point as reading converter although it doesn't convert from a store-supported type! You might want to check your annotation setup at the converter implementation.
2022-05-31 22:53:16,040 WARN (CustomConversions.java:270)- Registering converter from class org.springframework.data.elasticsearch.core.geo.GeoPoint to interface java.util.Map as writing converter although it doesn't convert to a store-supported type! You might want to check your annotation setup at the converter implementation.
2022-05-31 22:53:16,041 WARN (CustomConversions.java:260)- Registering converter from interface java.util.Map to class org.springframework.data.elasticsearch.core.geo.GeoPoint as reading converter although it doesn't convert from a store-supported type! You might want to check your annotation setup at the converter implementation.
2022-05-31 22:53:16,041 WARN (CustomConversions.java:270)- Registering converter from interface org.springframework.data.elasticsearch.core.geo.GeoJson to interface java.util.Map as writing converter although it doesn't convert to a store-supported type! You might want to check your annotation setup at the converter implementation.
2022-05-31 22:53:16,041 WARN (CustomConversions.java:260)- Registering converter from interface java.util.Map to interface org.springframework.data.elasticsearch.core.geo.GeoJson as reading converter although it doesn't convert from a store-supported type! You might want to check your annotation setup at the converter implementation.
2022-05-31 22:53:16,041 WARN (CustomConversions.java:270)- Registering converter from class org.springframework.data.elasticsearch.core.geo.GeoJsonPoint to interface java.util.Map as writing converter although it doesn't convert to a store-supported type! You might want to check your annotation setup at the converter implementation.
2022-05-31 22:53:16,041 WARN (CustomConversions.java:260)- Registering converter from interface java.util.Map to class org.springframework.data.elasticsearch.core.geo.GeoJsonPoint as reading converter although it doesn't convert from a store-supported type! You might want to check your annotation setup at the converter implementation.
2022-05-31 22:53:16,041 WARN (CustomConversions.java:270)- Registering converter from class org.springframework.data.elasticsearch.core.geo.GeoJsonMultiPoint to interface java.util.Map as writing converter although it doesn't convert to a store-supported type! You might want to check your annotation setup at the converter implementation.
2022-05-31 22:53:16,041 WARN (CustomConversions.java:260)- Registering converter from interface java.util.Map to class org.springframework.data.elasticsearch.core.geo.GeoJsonMultiPoint as reading converter although it doesn't convert from a store-supported type! You might want to check your annotation setup at the converter implementation.
2022-05-31 22:53:16,041 WARN (CustomConversions.java:270)- Registering converter from class org.springframework.data.elasticsearch.core.geo.GeoJsonLineString to interface java.util.Map as writing converter although it doesn't convert to a store-supported type! You might want to check your annotation setup at the converter implementation.
2022-05-31 22:53:16,041 WARN (CustomConversions.java:260)- Registering converter from interface java.util.Map to class org.springframework.data.elasticsearch.core.geo.GeoJsonLineString as reading converter although it doesn't convert from a store-supported type! You might want to check your annotation setup at the converter implementation.
2022-05-31 22:53:16,042 WARN (CustomConversions.java:270)- Registering converter from class org.springframework.data.elasticsearch.core.geo.GeoJsonMultiLineString to interface java.util.Map as writing converter although it doesn't convert to a store-supported type! You might want to check your annotation setup at the converter implementation.
2022-05-31 22:53:16,042 WARN (CustomConversions.java:260)- Registering converter from interface java.util.Map to class org.springframework.data.elasticsearch.core.geo.GeoJsonMultiLineString as reading converter although it doesn't convert from a store-supported type! You might want to check your annotation setup at the converter implementation.
2022-05-31 22:53:16,042 WARN (CustomConversions.java:270)- Registering converter from class org.springframework.data.elasticsearch.core.geo.GeoJsonPolygon to interface java.util.Map as writing converter although it doesn't convert to a store-supported type! You might want to check your annotation setup at the converter implementation.
2022-05-31 22:53:16,042 WARN (CustomConversions.java:260)- Registering converter from interface java.util.Map to class org.springframework.data.elasticsearch.core.geo.GeoJsonPolygon as reading converter although it doesn't convert from a store-supported type! You might want to check your annotation setup at the converter implementation.
2022-05-31 22:53:16,043 WARN (CustomConversions.java:270)- Registering converter from class org.springframework.data.elasticsearch.core.geo.GeoJsonMultiPolygon to interface java.util.Map as writing converter although it doesn't convert to a store-supported type! You might want to check your annotation setup at the converter implementation.
2022-05-31 22:53:16,043 WARN (CustomConversions.java:260)- Registering converter from interface java.util.Map to class org.springframework.data.elasticsearch.core.geo.GeoJsonMultiPolygon as reading converter although it doesn't convert from a store-supported type! You might want to check your annotation setup at the converter implementation.
2022-05-31 22:53:16,043 WARN (CustomConversions.java:270)- Registering converter from class org.springframework.data.elasticsearch.core.geo.GeoJsonGeometryCollection to interface java.util.Map as writing converter although it doesn't convert to a store-supported type! You might want to check your annotation setup at the converter implementation.
2022-05-31 22:53:16,043 WARN (CustomConversions.java:260)- Registering converter from interface java.util.Map to class org.springframework.data.elasticsearch.core.geo.GeoJsonGeometryCollection as reading converter although it doesn't convert from a store-supported type! You might want to check your annotation setup at the converter implementation.
2022-05-31 22:53:16,095 INFO (VersionInfo.java:62)- Version Spring Data Elasticsearch: 4.1.2
2022-05-31 22:53:16,095 INFO (VersionInfo.java:63)- Version Elasticsearch Client in build: 7.9.3
2022-05-31 22:53:16,095 INFO (VersionInfo.java:64)- Version Elasticsearch Client used: 7.9.3
2022-05-31 22:53:16,213 INFO (ExecutorConfigurationSupport.java:181)- Initializing ExecutorService 'taskScheduler'
2022-05-31 22:53:16,328 INFO (DirectJDKLog.java:173)- Starting ProtocolHandler ["https-jsse-nio-8085"]
2022-05-31 22:53:16,364 INFO (TomcatWebServer.java:220)- Tomcat started on port(s): 8085 (https) with context path '/hjgz/api'
2022-05-31 22:53:16,367 INFO (DocumentationPluginsBootstrapper.java:93)- Documentation plugins bootstrapped
2022-05-31 22:53:16,370 INFO (AbstractDocumentationPluginsBootstrapper.java:79)- Found 1 custom documentation plugin(s)
2022-05-31 22:53:16,419 INFO (ApiListingReferenceScanner.java:44)- Scanning for api listing references
2022-05-31 22:53:16,702 INFO (StartupInfoLogger.java:61)- Started AppApplication in 5.047 seconds (JVM running for 5.678)
2022-05-31 22:53:20,115 INFO (DirectJDKLog.java:173)- Initializing Spring DispatcherServlet 'dispatcherServlet'
2022-05-31 22:53:20,116 INFO (FrameworkServlet.java:525)- Initializing Servlet 'dispatcherServlet'
2022-05-31 22:53:20,121 INFO (FrameworkServlet.java:547)- Completed initialization in 5 ms
2022-05-31 22:53:20,227 INFO (HikariDataSource.java:110)- MyHikariCP - Starting...
2022-05-31 22:53:20,957 INFO (HikariDataSource.java:123)- MyHikariCP - Start completed.
2022-05-31 22:53:21,089 INFO (LogUtil.java:34)- <init>(LevelVO.java:102) -->> 2022-05-31
2022-05-31 22:53:21,089 INFO (LogUtil.java:34)- <init>(LevelVO.java:103) -->> 2022-05-31
2022-05-31 22:53:27,732 INFO (LogUtil.java:34)- <init>(LevelVO.java:102) -->> 2022-05-31
2022-05-31 22:53:27,739 INFO (LogUtil.java:34)- <init>(LevelVO.java:103) -->> 2022-05-31
2022-05-31 22:53:28,951 INFO (LogUtil.java:34)- <init>(LevelVO.java:102) -->> 2022-05-31
2022-05-31 22:53:28,953 INFO (LogUtil.java:34)- <init>(LevelVO.java:103) -->> 2022-05-31
2022-05-31 22:53:29,837 INFO (LogUtil.java:34)- <init>(LevelVO.java:102) -->> 2022-05-31
2022-05-31 22:53:29,839 INFO (LogUtil.java:34)- <init>(LevelVO.java:103) -->> 2022-05-31
2022-05-31 22:53:30,767 INFO (LogUtil.java:34)- <init>(LevelVO.java:102) -->> 2022-05-31
2022-05-31 22:53:30,768 INFO (LogUtil.java:34)- <init>(LevelVO.java:103) -->> 2022-05-31
2022-05-31 22:53:40,835 INFO (LogUtil.java:34)- <init>(LevelVO.java:102) -->> 2022-05-27
2022-05-31 22:53:40,838 INFO (LogUtil.java:34)- <init>(LevelVO.java:103) -->> 2022-05-31
2022-05-31 22:53:47,902 INFO (LogUtil.java:34)- <init>(LevelVO.java:102) -->> 2022-05-27
2022-05-31 22:53:47,905 INFO (LogUtil.java:34)- <init>(LevelVO.java:103) -->> 2022-05-31
2022-05-31 22:53:56,337 INFO (LogUtil.java:34)- <init>(LevelVO.java:102) -->> 2022-05-31
2022-05-31 22:53:56,339 INFO (LogUtil.java:34)- <init>(LevelVO.java:103) -->> 2022-05-31
2022-05-31 22:54:03,914 INFO (LogUtil.java:34)- <init>(LevelVO.java:102) -->> 2022-05-31
2022-05-31 22:54:03,915 INFO (LogUtil.java:34)- <init>(LevelVO.java:103) -->> 2022-05-31
2022-05-31 22:54:04,956 INFO (LogUtil.java:34)- <init>(LevelVO.java:102) -->> 2022-05-31
2022-05-31 22:54:04,957 INFO (LogUtil.java:34)- <init>(LevelVO.java:103) -->> 2022-05-31
2022-05-31 22:54:05,777 INFO (LogUtil.java:34)- <init>(LevelVO.java:102) -->> 2022-05-31
2022-05-31 22:54:05,779 INFO (LogUtil.java:34)- <init>(LevelVO.java:103) -->> 2022-05-31
2022-05-31 22:54:06,371 INFO (LogUtil.java:34)- <init>(LevelVO.java:102) -->> 2022-05-31
2022-05-31 22:54:06,378 INFO (LogUtil.java:34)- <init>(LevelVO.java:103) -->> 2022-05-31
2022-05-31 22:54:16,804 INFO (LogUtil.java:34)- <init>(LevelVO.java:102) -->> 2022-05-28
2022-05-31 22:54:16,815 INFO (LogUtil.java:34)- <init>(LevelVO.java:103) -->> 2022-05-31
2022-05-31 22:54:36,482 INFO (ExecutorConfigurationSupport.java:218)- Shutting down ExecutorService 'taskScheduler'
2022-05-31 22:54:36,497 INFO (ExecutorConfigurationSupport.java:218)- Shutting down ExecutorService 'applicationTaskExecutor'
2022-05-31 22:54:36,499 INFO (HikariDataSource.java:350)- MyHikariCP - Shutdown initiated...
2022-05-31 22:54:36,510 INFO (HikariDataSource.java:352)- MyHikariCP - Shutdown completed.
